{"meta": {"format": 3, "version": "7.10.5", "timestamp": "2025-08-26T12:19:38.602348", "branch_coverage": false, "show_contexts": false}, "files": {"surrogate_optim/__version__.py": {"executed_lines": [], "summary": {"covered_lines": 0, "num_statements": 15, "percent_covered": 0.0, "percent_covered_display": "0", "missing_lines": 15, "excluded_lines": 0}, "missing_lines": [3, 4, 7, 8, 9, 12, 13, 14, 15, 16, 17, 19, 21, 23, 25], "excluded_lines": [], "functions": {"get_version": {"executed_lines": [], "summary": {"covered_lines": 0, "num_statements": 1, "percent_covered": 0.0, "percent_covered_display": "0", "missing_lines": 1, "excluded_lines": 0}, "missing_lines": [21], "excluded_lines": []}, "get_version_info": {"executed_lines": [], "summary": {"covered_lines": 0, "num_statements": 1, "percent_covered": 0.0, "percent_covered_display": "0", "missing_lines": 1, "excluded_lines": 0}, "missing_lines": [25], "excluded_lines": []}, "": {"executed_lines": [], "summary": {"covered_lines": 0, "num_statements": 13, "percent_covered": 0.0, "percent_covered_display": "0", "missing_lines": 13, "excluded_lines": 0}, "missing_lines": [3, 4, 7, 8, 9, 12, 13, 14, 15, 16, 17, 19, 23], "excluded_lines": []}}, "classes": {"": {"executed_lines": [], "summary": {"covered_lines": 0, "num_statements": 15, "percent_covered": 0.0, "percent_covered_display": "0", "missing_lines": 15, "excluded_lines": 0}, "missing_lines": [3, 4, 7, 8, 9, 12, 13, 14, 15, 16, 17, 19, 21, 23, 25], "excluded_lines": []}}}, "surrogate_optim/benchmarks.py": {"executed_lines": [], "summary": {"covered_lines": 0, "num_statements": 217, "percent_covered": 0.0, "percent_covered_display": "0", "missing_lines": 217, "excluded_lines": 0}, "missing_lines": [3, 4, 5, 6, 7, 8, 10, 11, 13, 14, 16, 17, 24, 25, 27, 28, 29, 30, 31, 32, 33, 34, 35, 36, 37, 38, 39, 42, 43, 45, 46, 47, 50, 53, 66, 67, 68, 70, 71, 74, 82, 104, 105, 108, 109, 110, 111, 112, 113, 114, 115, 116, 118, 120, 121, 128, 131, 132, 136, 137, 140, 142, 144, 149, 152, 153, 154, 155, 157, 158, 160, 169, 170, 171, 172, 174, 176, 192, 206, 207, 209, 210, 212, 213, 214, 215, 216, 224, 226, 228, 242, 244, 246, 247, 249, 251, 252, 254, 255, 256, 257, 259, 260, 261, 264, 265, 267, 273, 274, 276, 278, 292, 293, 295, 297, 299, 300, 301, 302, 303, 304, 305, 306, 307, 309, 312, 318, 319, 321, 322, 324, 330, 345, 346, 348, 356, 358, 360, 361, 364, 365, 366, 367, 368, 369, 371, 372, 373, 374, 375, 376, 378, 386, 388, 390, 392, 393, 396, 397, 399, 400, 402, 403, 406, 408, 409, 410, 412, 414, 416, 419, 422, 423, 424, 439, 441, 448, 449, 452, 454, 455, 457, 459, 461, 462, 463, 465, 466, 467, 469, 470, 474, 475, 476, 478, 479, 481, 482, 485, 486, 487, 488, 489, 491, 492, 493, 494, 495, 497, 498, 499, 502, 519, 520, 523, 536, 537], "excluded_lines": [], "functions": {"SurrogateBenchmarkSuite.__init__": {"executed_lines": [], "summary": {"covered_lines": 0, "num_statements": 6, "percent_covered": 0.0, "percent_covered_display": "0", "missing_lines": 6, "excluded_lines": 0}, "missing_lines": [66, 67, 68, 70, 71, 74], "excluded_lines": []}, "SurrogateBenchmarkSuite.run_single_benchmark": {"executed_lines": [], "summary": {"covered_lines": 0, "num_statements": 36, "percent_covered": 0.0, "percent_covered_display": "0", "missing_lines": 36, "excluded_lines": 0}, "missing_lines": [104, 105, 108, 109, 110, 111, 112, 113, 114, 115, 116, 118, 120, 121, 128, 131, 132, 136, 137, 140, 142, 144, 149, 152, 153, 154, 155, 157, 158, 160, 169, 170, 171, 172, 174, 176], "excluded_lines": []}, "SurrogateBenchmarkSuite.run_function_benchmark": {"executed_lines": [], "summary": {"covered_lines": 0, "num_statements": 11, "percent_covered": 0.0, "percent_covered_display": "0", "missing_lines": 11, "excluded_lines": 0}, "missing_lines": [206, 207, 209, 210, 212, 213, 214, 215, 216, 224, 226], "excluded_lines": []}, "SurrogateBenchmarkSuite.run_suite_benchmark": {"executed_lines": [], "summary": {"covered_lines": 0, "num_statements": 20, "percent_covered": 0.0, "percent_covered_display": "0", "missing_lines": 20, "excluded_lines": 0}, "missing_lines": [242, 244, 246, 247, 249, 251, 252, 254, 255, 256, 257, 259, 260, 261, 264, 265, 267, 273, 274, 276], "excluded_lines": []}, "SurrogateBenchmarkSuite.run_scalability_benchmark": {"executed_lines": [], "summary": {"covered_lines": 0, "num_statements": 20, "percent_covered": 0.0, "percent_covered_display": "0", "missing_lines": 20, "excluded_lines": 0}, "missing_lines": [292, 293, 295, 297, 299, 300, 301, 302, 303, 304, 305, 306, 307, 309, 312, 318, 319, 321, 322, 324], "excluded_lines": []}, "SurrogateBenchmarkSuite.run_quick_benchmark": {"executed_lines": [], "summary": {"covered_lines": 0, "num_statements": 4, "percent_covered": 0.0, "percent_covered_display": "0", "missing_lines": 4, "excluded_lines": 0}, "missing_lines": [345, 346, 348, 356], "excluded_lines": []}, "SurrogateBenchmarkSuite._compute_summary_stats": {"executed_lines": [], "summary": {"covered_lines": 0, "num_statements": 16, "percent_covered": 0.0, "percent_covered_display": "0", "missing_lines": 16, "excluded_lines": 0}, "missing_lines": [360, 361, 364, 365, 366, 367, 368, 369, 371, 372, 373, 374, 375, 376, 378, 386], "excluded_lines": []}, "SurrogateBenchmarkSuite._compute_rankings": {"executed_lines": [], "summary": {"covered_lines": 0, "num_statements": 14, "percent_covered": 0.0, "percent_covered_display": "0", "missing_lines": 14, "excluded_lines": 0}, "missing_lines": [390, 392, 393, 396, 397, 399, 400, 402, 403, 406, 408, 409, 410, 412], "excluded_lines": []}, "SurrogateBenchmarkSuite._save_results": {"executed_lines": [], "summary": {"covered_lines": 0, "num_statements": 12, "percent_covered": 0.0, "percent_covered_display": "0", "missing_lines": 12, "excluded_lines": 0}, "missing_lines": [416, 419, 422, 423, 424, 439, 441, 448, 449, 452, 454, 455], "excluded_lines": []}, "SurrogateBenchmarkSuite._save_summary_report": {"executed_lines": [], "summary": {"covered_lines": 0, "num_statements": 29, "percent_covered": 0.0, "percent_covered_display": "0", "missing_lines": 29, "excluded_lines": 0}, "missing_lines": [459, 461, 462, 463, 465, 466, 467, 469, 470, 474, 475, 476, 478, 479, 481, 482, 485, 486, 487, 488, 489, 491, 492, 493, 494, 495, 497, 498, 499], "excluded_lines": []}, "run_benchmark_suite": {"executed_lines": [], "summary": {"covered_lines": 0, "num_statements": 2, "percent_covered": 0.0, "percent_covered_display": "0", "missing_lines": 2, "excluded_lines": 0}, "missing_lines": [519, 520], "excluded_lines": []}, "run_quick_benchmark": {"executed_lines": [], "summary": {"covered_lines": 0, "num_statements": 2, "percent_covered": 0.0, "percent_covered_display": "0", "missing_lines": 2, "excluded_lines": 0}, "missing_lines": [536, 537], "excluded_lines": []}, "": {"executed_lines": [], "summary": {"covered_lines": 0, "num_statements": 45, "percent_covered": 0.0, "percent_covered_display": "0", "missing_lines": 45, "excluded_lines": 0}, "missing_lines": [3, 4, 5, 6, 7, 8, 10, 11, 13, 14, 16, 17, 24, 25, 27, 28, 29, 30, 31, 32, 33, 34, 35, 36, 37, 38, 39, 42, 43, 45, 46, 47, 50, 53, 82, 192, 228, 278, 330, 358, 388, 414, 457, 502, 523], "excluded_lines": []}}, "classes": {"BenchmarkResult": {"executed_lines": [], "summary": {"covered_lines": 0, "num_statements": 0, "percent_covered": 100.0, "percent_covered_display": "100", "missing_lines": 0, "excluded_lines": 0}, "missing_lines": [], "excluded_lines": []}, "ComparisonResult": {"executed_lines": [], "summary": {"covered_lines": 0, "num_statements": 0, "percent_covered": 100.0, "percent_covered_display": "100", "missing_lines": 0, "excluded_lines": 0}, "missing_lines": [], "excluded_lines": []}, "SurrogateBenchmarkSuite": {"executed_lines": [], "summary": {"covered_lines": 0, "num_statements": 168, "percent_covered": 0.0, "percent_covered_display": "0", "missing_lines": 168, "excluded_lines": 0}, "missing_lines": [66, 67, 68, 70, 71, 74, 104, 105, 108, 109, 110, 111, 112, 113, 114, 115, 116, 118, 120, 121, 128, 131, 132, 136, 137, 140, 142, 144, 149, 152, 153, 154, 155, 157, 158, 160, 169, 170, 171, 172, 174, 176, 206, 207, 209, 210, 212, 213, 214, 215, 216, 224, 226, 242, 244, 246, 247, 249, 251, 252, 254, 255, 256, 257, 259, 260, 261, 264, 265, 267, 273, 274, 276, 292, 293, 295, 297, 299, 300, 301, 302, 303, 304, 305, 306, 307, 309, 312, 318, 319, 321, 322, 324, 345, 346, 348, 356, 360, 361, 364, 365, 366, 367, 368, 369, 371, 372, 373, 374, 375, 376, 378, 386, 390, 392, 393, 396, 397, 399, 400, 402, 403, 406, 408, 409, 410, 412, 416, 419, 422, 423, 424, 439, 441, 448, 449, 452, 454, 455, 459, 461, 462, 463, 465, 466, 467, 469, 470, 474, 475, 476, 478, 479, 481, 482, 485, 486, 487, 488, 489, 491, 492, 493, 494, 495, 497, 498, 499], "excluded_lines": []}, "": {"executed_lines": [], "summary": {"covered_lines": 0, "num_statements": 49, "percent_covered": 0.0, "percent_covered_display": "0", "missing_lines": 49, "excluded_lines": 0}, "missing_lines": [3, 4, 5, 6, 7, 8, 10, 11, 13, 14, 16, 17, 24, 25, 27, 28, 29, 30, 31, 32, 33, 34, 35, 36, 37, 38, 39, 42, 43, 45, 46, 47, 50, 53, 82, 192, 228, 278, 330, 358, 388, 414, 457, 502, 519, 520, 523, 536, 537], "excluded_lines": []}}}, "surrogate_optim/core.py": {"executed_lines": [], "summary": {"covered_lines": 0, "num_statements": 197, "percent_covered": 0.0, "percent_covered_display": "0", "missing_lines": 197, "excluded_lines": 0}, "missing_lines": [3, 5, 6, 8, 9, 10, 11, 12, 13, 14, 15, 16, 19, 26, 41, 42, 43, 44, 47, 50, 53, 54, 57, 58, 61, 62, 66, 68, 69, 70, 71, 72, 73, 74, 76, 78, 79, 80, 81, 82, 83, 84, 86, 88, 91, 92, 94, 95, 98, 99, 101, 107, 108, 110, 114, 126, 127, 135, 136, 137, 139, 141, 142, 143, 145, 146, 147, 149, 151, 156, 157, 159, 160, 161, 162, 163, 164, 165, 167, 169, 190, 191, 193, 196, 197, 198, 201, 205, 209, 211, 220, 221, 223, 225, 234, 235, 237, 239, 248, 249, 251, 253, 271, 272, 275, 276, 277, 280, 281, 283, 285, 286, 289, 292, 295, 297, 298, 299, 301, 302, 303, 305, 306, 307, 308, 309, 311, 313, 314, 315, 318, 319, 323, 324, 325, 326, 327, 331, 332, 334, 335, 337, 340, 342, 343, 345, 347, 353, 354, 356, 371, 373, 389, 390, 392, 393, 395, 399, 401, 404, 408, 409, 411, 421, 422, 424, 427, 428, 429, 431, 432, 433, 434, 435, 437, 440, 441, 442, 443, 444, 446, 450, 462, 465, 487, 488, 490, 499, 500, 502, 503, 506, 508, 511, 512, 514, 516], "excluded_lines": [], "functions": {"SurrogateOptimizer.__init__": {"executed_lines": [], "summary": {"covered_lines": 0, "num_statements": 12, "percent_covered": 0.0, "percent_covered_display": "0", "missing_lines": 12, "excluded_lines": 0}, "missing_lines": [41, 42, 43, 44, 47, 50, 53, 54, 57, 58, 61, 62], "excluded_lines": []}, "SurrogateOptimizer._create_surrogate": {"executed_lines": [], "summary": {"covered_lines": 0, "num_statements": 7, "percent_covered": 0.0, "percent_covered_display": "0", "missing_lines": 7, "excluded_lines": 0}, "missing_lines": [68, 69, 70, 71, 72, 73, 74], "excluded_lines": []}, "SurrogateOptimizer._create_optimizer": {"executed_lines": [], "summary": {"covered_lines": 0, "num_statements": 7, "percent_covered": 0.0, "percent_covered_display": "0", "missing_lines": 7, "excluded_lines": 0}, "missing_lines": [78, 79, 80, 81, 82, 83, 84], "excluded_lines": []}, "SurrogateOptimizer._validate_training_data": {"executed_lines": [], "summary": {"covered_lines": 0, "num_statements": 11, "percent_covered": 0.0, "percent_covered_display": "0", "missing_lines": 11, "excluded_lines": 0}, "missing_lines": [88, 91, 92, 94, 95, 98, 99, 101, 107, 108, 110], "excluded_lines": []}, "SurrogateOptimizer.fit_surrogate": {"executed_lines": [], "summary": {"covered_lines": 0, "num_statements": 24, "percent_covered": 0.0, "percent_covered_display": "0", "missing_lines": 24, "excluded_lines": 0}, "missing_lines": [126, 127, 135, 136, 137, 139, 141, 142, 143, 145, 146, 147, 149, 151, 156, 157, 159, 160, 161, 162, 163, 164, 165, 167], "excluded_lines": []}, "SurrogateOptimizer.optimize": {"executed_lines": [], "summary": {"covered_lines": 0, "num_statements": 9, "percent_covered": 0.0, "percent_covered_display": "0", "missing_lines": 9, "excluded_lines": 0}, "missing_lines": [190, 191, 193, 196, 197, 198, 201, 205, 209], "excluded_lines": []}, "SurrogateOptimizer.predict": {"executed_lines": [], "summary": {"covered_lines": 0, "num_statements": 3, "percent_covered": 0.0, "percent_covered_display": "0", "missing_lines": 3, "excluded_lines": 0}, "missing_lines": [220, 221, 223], "excluded_lines": []}, "SurrogateOptimizer.gradient": {"executed_lines": [], "summary": {"covered_lines": 0, "num_statements": 3, "percent_covered": 0.0, "percent_covered_display": "0", "missing_lines": 3, "excluded_lines": 0}, "missing_lines": [234, 235, 237], "excluded_lines": []}, "SurrogateOptimizer.uncertainty": {"executed_lines": [], "summary": {"covered_lines": 0, "num_statements": 3, "percent_covered": 0.0, "percent_covered_display": "0", "missing_lines": 3, "excluded_lines": 0}, "missing_lines": [248, 249, 251], "excluded_lines": []}, "SurrogateOptimizer.validate": {"executed_lines": [], "summary": {"covered_lines": 0, "num_statements": 44, "percent_covered": 0.0, "percent_covered_display": "0", "missing_lines": 44, "excluded_lines": 0}, "missing_lines": [271, 272, 275, 276, 277, 280, 281, 283, 285, 286, 289, 292, 295, 297, 298, 299, 301, 302, 303, 305, 306, 307, 308, 309, 311, 313, 314, 315, 318, 319, 323, 324, 325, 326, 327, 331, 332, 334, 335, 337, 340, 342, 343, 345], "excluded_lines": []}, "SurrogateOptimizer.get_training_info": {"executed_lines": [], "summary": {"covered_lines": 0, "num_statements": 4, "percent_covered": 0.0, "percent_covered_display": "0", "missing_lines": 4, "excluded_lines": 0}, "missing_lines": [353, 354, 356, 371], "excluded_lines": []}, "SurrogateOptimizer.optimize_parallel": {"executed_lines": [], "summary": {"covered_lines": 0, "num_statements": 9, "percent_covered": 0.0, "percent_covered_display": "0", "missing_lines": 9, "excluded_lines": 0}, "missing_lines": [389, 390, 392, 393, 395, 399, 404, 408, 409], "excluded_lines": []}, "SurrogateOptimizer.optimize_parallel.single_optimize": {"executed_lines": [], "summary": {"covered_lines": 0, "num_statements": 1, "percent_covered": 0.0, "percent_covered_display": "0", "missing_lines": 1, "excluded_lines": 0}, "missing_lines": [401], "excluded_lines": []}, "SurrogateOptimizer.predict_batch": {"executed_lines": [], "summary": {"covered_lines": 0, "num_statements": 18, "percent_covered": 0.0, "percent_covered_display": "0", "missing_lines": 18, "excluded_lines": 0}, "missing_lines": [421, 422, 424, 427, 428, 429, 431, 432, 433, 434, 435, 437, 440, 441, 442, 443, 444, 446], "excluded_lines": []}, "create_surrogate_optimizer": {"executed_lines": [], "summary": {"covered_lines": 0, "num_statements": 1, "percent_covered": 0.0, "percent_covered_display": "0", "missing_lines": 1, "excluded_lines": 0}, "missing_lines": [462], "excluded_lines": []}, "quick_optimize": {"executed_lines": [], "summary": {"covered_lines": 0, "num_statements": 13, "percent_covered": 0.0, "percent_covered_display": "0", "missing_lines": 13, "excluded_lines": 0}, "missing_lines": [487, 488, 490, 499, 500, 502, 503, 506, 508, 511, 512, 514, 516], "excluded_lines": []}, "": {"executed_lines": [], "summary": {"covered_lines": 0, "num_statements": 28, "percent_covered": 0.0, "percent_covered_display": "0", "missing_lines": 28, "excluded_lines": 0}, "missing_lines": [3, 5, 6, 8, 9, 10, 11, 12, 13, 14, 15, 16, 19, 26, 66, 76, 86, 114, 169, 211, 225, 239, 253, 347, 373, 411, 450, 465], "excluded_lines": []}}, "classes": {"SurrogateOptimizer": {"executed_lines": [], "summary": {"covered_lines": 0, "num_statements": 155, "percent_covered": 0.0, "percent_covered_display": "0", "missing_lines": 155, "excluded_lines": 0}, "missing_lines": [41, 42, 43, 44, 47, 50, 53, 54, 57, 58, 61, 62, 68, 69, 70, 71, 72, 73, 74, 78, 79, 80, 81, 82, 83, 84, 88, 91, 92, 94, 95, 98, 99, 101, 107, 108, 110, 126, 127, 135, 136, 137, 139, 141, 142, 143, 145, 146, 147, 149, 151, 156, 157, 159, 160, 161, 162, 163, 164, 165, 167, 190, 191, 193, 196, 197, 198, 201, 205, 209, 220, 221, 223, 234, 235, 237, 248, 249, 251, 271, 272, 275, 276, 277, 280, 281, 283, 285, 286, 289, 292, 295, 297, 298, 299, 301, 302, 303, 305, 306, 307, 308, 309, 311, 313, 314, 315, 318, 319, 323, 324, 325, 326, 327, 331, 332, 334, 335, 337, 340, 342, 343, 345, 353, 354, 356, 371, 389, 390, 392, 393, 395, 399, 401, 404, 408, 409, 421, 422, 424, 427, 428, 429, 431, 432, 433, 434, 435, 437, 440, 441, 442, 443, 444, 446], "excluded_lines": []}, "": {"executed_lines": [], "summary": {"covered_lines": 0, "num_statements": 42, "percent_covered": 0.0, "percent_covered_display": "0", "missing_lines": 42, "excluded_lines": 0}, "missing_lines": [3, 5, 6, 8, 9, 10, 11, 12, 13, 14, 15, 16, 19, 26, 66, 76, 86, 114, 169, 211, 225, 239, 253, 347, 373, 411, 450, 462, 465, 487, 488, 490, 499, 500, 502, 503, 506, 508, 511, 512, 514, 516], "excluded_lines": []}}}, "surrogate_optim/core/enhanced_optimizer.py": {"executed_lines": [], "summary": {"covered_lines": 0, "num_statements": 231, "percent_covered": 0.0, "percent_covered_display": "0", "missing_lines": 231, "excluded_lines": 0}, "missing_lines": [3, 4, 5, 6, 8, 9, 12, 13, 14, 15, 16, 17, 18, 19, 20, 21, 37, 43, 50, 73, 76, 77, 84, 85, 86, 89, 90, 91, 92, 95, 96, 97, 98, 99, 102, 110, 115, 117, 118, 120, 121, 122, 123, 124, 125, 127, 128, 129, 130, 131, 132, 133, 134, 135, 137, 139, 140, 141, 142, 143, 144, 145, 146, 147, 148, 149, 151, 152, 170, 171, 173, 174, 177, 178, 179, 181, 189, 190, 191, 194, 195, 196, 197, 198, 201, 202, 205, 206, 207, 209, 216, 217, 220, 221, 222, 223, 224, 225, 227, 232, 234, 236, 237, 238, 239, 240, 241, 242, 244, 245, 271, 272, 274, 275, 276, 278, 281, 282, 290, 291, 293, 294, 295, 301, 302, 305, 306, 309, 310, 317, 324, 325, 331, 332, 335, 336, 337, 338, 339, 341, 346, 348, 350, 351, 352, 353, 354, 355, 356, 358, 359, 369, 370, 372, 373, 374, 377, 378, 381, 384, 385, 388, 389, 390, 392, 394, 395, 396, 397, 398, 400, 401, 411, 413, 414, 415, 418, 419, 422, 425, 426, 428, 430, 431, 432, 434, 440, 441, 443, 446, 447, 453, 454, 460, 461, 462, 469, 470, 473, 481, 483, 485, 492, 494, 500, 508, 509, 512, 513, 514, 515, 516, 519, 520, 521, 523, 524, 527, 528, 530, 531, 532, 533, 534, 535, 536, 537, 538, 541, 542, 544], "excluded_lines": [], "functions": {"EnhancedSurrogateOptimizer.__init__": {"executed_lines": [], "summary": {"covered_lines": 0, "num_statements": 17, "percent_covered": 0.0, "percent_covered_display": "0", "missing_lines": 17, "excluded_lines": 0}, "missing_lines": [73, 76, 77, 84, 85, 86, 89, 90, 91, 92, 95, 96, 97, 98, 99, 102, 110], "excluded_lines": []}, "EnhancedSurrogateOptimizer._create_surrogate": {"executed_lines": [], "summary": {"covered_lines": 0, "num_statements": 17, "percent_covered": 0.0, "percent_covered_display": "0", "missing_lines": 17, "excluded_lines": 0}, "missing_lines": [117, 118, 120, 121, 122, 123, 124, 125, 127, 128, 129, 130, 131, 132, 133, 134, 135], "excluded_lines": []}, "EnhancedSurrogateOptimizer._create_optimizer": {"executed_lines": [], "summary": {"covered_lines": 0, "num_statements": 11, "percent_covered": 0.0, "percent_covered_display": "0", "missing_lines": 11, "excluded_lines": 0}, "missing_lines": [139, 140, 141, 142, 143, 144, 145, 146, 147, 148, 149], "excluded_lines": []}, "EnhancedSurrogateOptimizer.fit_surrogate": {"executed_lines": [], "summary": {"covered_lines": 0, "num_statements": 38, "percent_covered": 0.0, "percent_covered_display": "0", "missing_lines": 38, "excluded_lines": 0}, "missing_lines": [170, 171, 173, 174, 177, 178, 179, 181, 189, 190, 191, 194, 195, 196, 197, 198, 201, 202, 205, 209, 216, 217, 220, 221, 222, 223, 224, 225, 227, 232, 234, 236, 237, 238, 239, 240, 241, 242], "excluded_lines": []}, "EnhancedSurrogateOptimizer.fit_surrogate.train_surrogate": {"executed_lines": [], "summary": {"covered_lines": 0, "num_statements": 2, "percent_covered": 0.0, "percent_covered_display": "0", "missing_lines": 2, "excluded_lines": 0}, "missing_lines": [206, 207], "excluded_lines": []}, "EnhancedSurrogateOptimizer.optimize": {"executed_lines": [], "summary": {"covered_lines": 0, "num_statements": 38, "percent_covered": 0.0, "percent_covered_display": "0", "missing_lines": 38, "excluded_lines": 0}, "missing_lines": [271, 272, 274, 275, 276, 278, 281, 282, 290, 291, 293, 294, 295, 301, 302, 305, 306, 309, 317, 324, 325, 331, 332, 335, 336, 337, 338, 339, 341, 346, 348, 350, 351, 352, 353, 354, 355, 356], "excluded_lines": []}, "EnhancedSurrogateOptimizer.optimize.run_optimization": {"executed_lines": [], "summary": {"covered_lines": 0, "num_statements": 1, "percent_covered": 0.0, "percent_covered_display": "0", "missing_lines": 1, "excluded_lines": 0}, "missing_lines": [310], "excluded_lines": []}, "EnhancedSurrogateOptimizer.predict": {"executed_lines": [], "summary": {"covered_lines": 0, "num_statements": 19, "percent_covered": 0.0, "percent_covered_display": "0", "missing_lines": 19, "excluded_lines": 0}, "missing_lines": [369, 370, 372, 373, 374, 377, 378, 381, 384, 385, 388, 389, 390, 392, 394, 395, 396, 397, 398], "excluded_lines": []}, "EnhancedSurrogateOptimizer.gradient": {"executed_lines": [], "summary": {"covered_lines": 0, "num_statements": 13, "percent_covered": 0.0, "percent_covered_display": "0", "missing_lines": 13, "excluded_lines": 0}, "missing_lines": [411, 413, 414, 415, 418, 419, 422, 425, 426, 428, 430, 431, 432], "excluded_lines": []}, "EnhancedSurrogateOptimizer.get_performance_metrics": {"executed_lines": [], "summary": {"covered_lines": 0, "num_statements": 14, "percent_covered": 0.0, "percent_covered_display": "0", "missing_lines": 14, "excluded_lines": 0}, "missing_lines": [440, 441, 443, 446, 447, 453, 454, 460, 461, 462, 469, 470, 473, 481], "excluded_lines": []}, "EnhancedSurrogateOptimizer.reset_performance_history": {"executed_lines": [], "summary": {"covered_lines": 0, "num_statements": 2, "percent_covered": 0.0, "percent_covered_display": "0", "missing_lines": 2, "excluded_lines": 0}, "missing_lines": [485, 492], "excluded_lines": []}, "EnhancedSurrogateOptimizer.health_check": {"executed_lines": [], "summary": {"covered_lines": 0, "num_statements": 27, "percent_covered": 0.0, "percent_covered_display": "0", "missing_lines": 27, "excluded_lines": 0}, "missing_lines": [500, 508, 509, 512, 513, 514, 515, 516, 519, 520, 521, 523, 524, 527, 528, 530, 531, 532, 533, 534, 535, 536, 537, 538, 541, 542, 544], "excluded_lines": []}, "": {"executed_lines": [], "summary": {"covered_lines": 0, "num_statements": 32, "percent_covered": 0.0, "percent_covered_display": "0", "missing_lines": 32, "excluded_lines": 0}, "missing_lines": [3, 4, 5, 6, 8, 9, 12, 13, 14, 15, 16, 17, 18, 19, 20, 21, 37, 43, 50, 115, 137, 151, 152, 244, 245, 358, 359, 400, 401, 434, 483, 494], "excluded_lines": []}}, "classes": {"EnhancedSurrogateOptimizer": {"executed_lines": [], "summary": {"covered_lines": 0, "num_statements": 199, "percent_covered": 0.0, "percent_covered_display": "0", "missing_lines": 199, "excluded_lines": 0}, "missing_lines": [73, 76, 77, 84, 85, 86, 89, 90, 91, 92, 95, 96, 97, 98, 99, 102, 110, 117, 118, 120, 121, 122, 123, 124, 125, 127, 128, 129, 130, 131, 132, 133, 134, 135, 139, 140, 141, 142, 143, 144, 145, 146, 147, 148, 149, 170, 171, 173, 174, 177, 178, 179, 181, 189, 190, 191, 194, 195, 196, 197, 198, 201, 202, 205, 206, 207, 209, 216, 217, 220, 221, 222, 223, 224, 225, 227, 232, 234, 236, 237, 238, 239, 240, 241, 242, 271, 272, 274, 275, 276, 278, 281, 282, 290, 291, 293, 294, 295, 301, 302, 305, 306, 309, 310, 317, 324, 325, 331, 332, 335, 336, 337, 338, 339, 341, 346, 348, 350, 351, 352, 353, 354, 355, 356, 369, 370, 372, 373, 374, 377, 378, 381, 384, 385, 388, 389, 390, 392, 394, 395, 396, 397, 398, 411, 413, 414, 415, 418, 419, 422, 425, 426, 428, 430, 431, 432, 440, 441, 443, 446, 447, 453, 454, 460, 461, 462, 469, 470, 473, 481, 485, 492, 500, 508, 509, 512, 513, 514, 515, 516, 519, 520, 521, 523, 524, 527, 528, 530, 531, 532, 533, 534, 535, 536, 537, 538, 541, 542, 544], "excluded_lines": []}, "": {"executed_lines": [], "summary": {"covered_lines": 0, "num_statements": 32, "percent_covered": 0.0, "percent_covered_display": "0", "missing_lines": 32, "excluded_lines": 0}, "missing_lines": [3, 4, 5, 6, 8, 9, 12, 13, 14, 15, 16, 17, 18, 19, 20, 21, 37, 43, 50, 115, 137, 151, 152, 244, 245, 358, 359, 400, 401, 434, 483, 494], "excluded_lines": []}}}, "surrogate_optim/core/error_handling.py": {"executed_lines": [], "summary": {"covered_lines": 0, "num_statements": 194, "percent_covered": 0.0, "percent_covered_display": "0", "missing_lines": 194, "excluded_lines": 0}, "missing_lines": [3, 4, 5, 6, 7, 9, 10, 11, 13, 16, 18, 21, 23, 26, 28, 31, 33, 36, 38, 41, 43, 46, 74, 75, 76, 77, 78, 81, 84, 85, 89, 90, 95, 96, 99, 100, 103, 104, 108, 109, 113, 116, 132, 133, 135, 136, 140, 141, 142, 143, 147, 148, 149, 153, 154, 158, 159, 164, 166, 169, 181, 182, 185, 194, 203, 204, 209, 210, 218, 219, 220, 226, 227, 232, 233, 239, 241, 242, 243, 244, 250, 253, 268, 269, 274, 275, 276, 282, 283, 284, 290, 291, 292, 293, 294, 298, 299, 302, 326, 328, 330, 331, 332, 333, 334, 335, 336, 337, 341, 343, 346, 348, 349, 352, 353, 356, 371, 372, 373, 374, 375, 376, 377, 378, 379, 380, 383, 384, 385, 388, 409, 416, 417, 423, 427, 428, 434, 435, 438, 439, 442, 443, 444, 445, 446, 447, 449, 450, 451, 452, 454, 457, 459, 460, 461, 462, 463, 464, 466, 467, 468, 469, 471, 472, 473, 474, 477, 479, 480, 481, 482, 484, 485, 486, 487, 490, 492, 493, 494, 495, 497, 498, 499, 500, 503, 505, 506, 507, 508, 511, 513, 514, 515, 516], "excluded_lines": [], "functions": {"validate_array_input": {"executed_lines": [], "summary": {"covered_lines": 0, "num_statements": 19, "percent_covered": 0.0, "percent_covered_display": "0", "missing_lines": 19, "excluded_lines": 0}, "missing_lines": [74, 75, 76, 77, 78, 81, 84, 85, 89, 90, 95, 96, 99, 100, 103, 104, 108, 109, 113], "excluded_lines": []}, "validate_bounds": {"executed_lines": [], "summary": {"covered_lines": 0, "num_statements": 17, "percent_covered": 0.0, "percent_covered_display": "0", "missing_lines": 17, "excluded_lines": 0}, "missing_lines": [132, 133, 135, 136, 140, 141, 142, 143, 147, 148, 149, 153, 154, 158, 159, 164, 166], "excluded_lines": []}, "validate_dataset": {"executed_lines": [], "summary": {"covered_lines": 0, "num_statements": 21, "percent_covered": 0.0, "percent_covered_display": "0", "missing_lines": 21, "excluded_lines": 0}, "missing_lines": [181, 182, 185, 194, 203, 204, 209, 210, 218, 219, 220, 226, 227, 232, 233, 239, 241, 242, 243, 244, 250], "excluded_lines": []}, "check_numerical_stability": {"executed_lines": [], "summary": {"covered_lines": 0, "num_statements": 15, "percent_covered": 0.0, "percent_covered_display": "0", "missing_lines": 15, "excluded_lines": 0}, "missing_lines": [268, 269, 274, 275, 276, 282, 283, 284, 290, 291, 292, 293, 294, 298, 299], "excluded_lines": []}, "robust_function_call": {"executed_lines": [], "summary": {"covered_lines": 0, "num_statements": 17, "percent_covered": 0.0, "percent_covered_display": "0", "missing_lines": 17, "excluded_lines": 0}, "missing_lines": [326, 328, 330, 331, 332, 333, 334, 335, 336, 337, 341, 343, 346, 348, 349, 352, 353], "excluded_lines": []}, "error_boundary": {"executed_lines": [], "summary": {"covered_lines": 0, "num_statements": 3, "percent_covered": 0.0, "percent_covered_display": "0", "missing_lines": 3, "excluded_lines": 0}, "missing_lines": [371, 372, 385], "excluded_lines": []}, "error_boundary.decorator": {"executed_lines": [], "summary": {"covered_lines": 0, "num_statements": 2, "percent_covered": 0.0, "percent_covered_display": "0", "missing_lines": 2, "excluded_lines": 0}, "missing_lines": [373, 384], "excluded_lines": []}, "error_boundary.decorator.wrapper": {"executed_lines": [], "summary": {"covered_lines": 0, "num_statements": 8, "percent_covered": 0.0, "percent_covered_display": "0", "missing_lines": 8, "excluded_lines": 0}, "missing_lines": [374, 375, 376, 377, 378, 379, 380, 383], "excluded_lines": []}, "validate_optimization_config": {"executed_lines": [], "summary": {"covered_lines": 0, "num_statements": 21, "percent_covered": 0.0, "percent_covered_display": "0", "missing_lines": 21, "excluded_lines": 0}, "missing_lines": [409, 416, 417, 423, 427, 428, 434, 435, 438, 439, 442, 443, 444, 445, 446, 447, 449, 450, 451, 452, 454], "excluded_lines": []}, "_validate_neural_network_params": {"executed_lines": [], "summary": {"covered_lines": 0, "num_statements": 14, "percent_covered": 0.0, "percent_covered_display": "0", "missing_lines": 14, "excluded_lines": 0}, "missing_lines": [459, 460, 461, 462, 463, 464, 466, 467, 468, 469, 471, 472, 473, 474], "excluded_lines": []}, "_validate_gp_params": {"executed_lines": [], "summary": {"covered_lines": 0, "num_statements": 8, "percent_covered": 0.0, "percent_covered_display": "0", "missing_lines": 8, "excluded_lines": 0}, "missing_lines": [479, 480, 481, 482, 484, 485, 486, 487], "excluded_lines": []}, "_validate_rf_params": {"executed_lines": [], "summary": {"covered_lines": 0, "num_statements": 8, "percent_covered": 0.0, "percent_covered_display": "0", "missing_lines": 8, "excluded_lines": 0}, "missing_lines": [492, 493, 494, 495, 497, 498, 499, 500], "excluded_lines": []}, "_validate_multi_start_params": {"executed_lines": [], "summary": {"covered_lines": 0, "num_statements": 4, "percent_covered": 0.0, "percent_covered_display": "0", "missing_lines": 4, "excluded_lines": 0}, "missing_lines": [505, 506, 507, 508], "excluded_lines": []}, "_validate_trust_region_params": {"executed_lines": [], "summary": {"covered_lines": 0, "num_statements": 4, "percent_covered": 0.0, "percent_covered_display": "0", "missing_lines": 4, "excluded_lines": 0}, "missing_lines": [513, 514, 515, 516], "excluded_lines": []}, "": {"executed_lines": [], "summary": {"covered_lines": 0, "num_statements": 33, "percent_covered": 0.0, "percent_covered_display": "0", "missing_lines": 33, "excluded_lines": 0}, "missing_lines": [3, 4, 5, 6, 7, 9, 10, 11, 13, 16, 18, 21, 23, 26, 28, 31, 33, 36, 38, 41, 43, 46, 116, 169, 253, 302, 356, 388, 457, 477, 490, 503, 511], "excluded_lines": []}}, "classes": {"SurrogateOptimizationError": {"executed_lines": [], "summary": {"covered_lines": 0, "num_statements": 0, "percent_covered": 100.0, "percent_covered_display": "100", "missing_lines": 0, "excluded_lines": 0}, "missing_lines": [], "excluded_lines": []}, "DataValidationError": {"executed_lines": [], "summary": {"covered_lines": 0, "num_statements": 0, "percent_covered": 100.0, "percent_covered_display": "100", "missing_lines": 0, "excluded_lines": 0}, "missing_lines": [], "excluded_lines": []}, "ModelTrainingError": {"executed_lines": [], "summary": {"covered_lines": 0, "num_statements": 0, "percent_covered": 100.0, "percent_covered_display": "100", "missing_lines": 0, "excluded_lines": 0}, "missing_lines": [], "excluded_lines": []}, "OptimizationError": {"executed_lines": [], "summary": {"covered_lines": 0, "num_statements": 0, "percent_covered": 100.0, "percent_covered_display": "100", "missing_lines": 0, "excluded_lines": 0}, "missing_lines": [], "excluded_lines": []}, "NumericalStabilityError": {"executed_lines": [], "summary": {"covered_lines": 0, "num_statements": 0, "percent_covered": 100.0, "percent_covered_display": "100", "missing_lines": 0, "excluded_lines": 0}, "missing_lines": [], "excluded_lines": []}, "ConfigurationError": {"executed_lines": [], "summary": {"covered_lines": 0, "num_statements": 0, "percent_covered": 100.0, "percent_covered_display": "100", "missing_lines": 0, "excluded_lines": 0}, "missing_lines": [], "excluded_lines": []}, "": {"executed_lines": [], "summary": {"covered_lines": 0, "num_statements": 194, "percent_covered": 0.0, "percent_covered_display": "0", "missing_lines": 194, "excluded_lines": 0}, "missing_lines": [3, 4, 5, 6, 7, 9, 10, 11, 13, 16, 18, 21, 23, 26, 28, 31, 33, 36, 38, 41, 43, 46, 74, 75, 76, 77, 78, 81, 84, 85, 89, 90, 95, 96, 99, 100, 103, 104, 108, 109, 113, 116, 132, 133, 135, 136, 140, 141, 142, 143, 147, 148, 149, 153, 154, 158, 159, 164, 166, 169, 181, 182, 185, 194, 203, 204, 209, 210, 218, 219, 220, 226, 227, 232, 233, 239, 241, 242, 243, 244, 250, 253, 268, 269, 274, 275, 276, 282, 283, 284, 290, 291, 292, 293, 294, 298, 299, 302, 326, 328, 330, 331, 332, 333, 334, 335, 336, 337, 341, 343, 346, 348, 349, 352, 353, 356, 371, 372, 373, 374, 375, 376, 377, 378, 379, 380, 383, 384, 385, 388, 409, 416, 417, 423, 427, 428, 434, 435, 438, 439, 442, 443, 444, 445, 446, 447, 449, 450, 451, 452, 454, 457, 459, 460, 461, 462, 463, 464, 466, 467, 468, 469, 471, 472, 473, 474, 477, 479, 480, 481, 482, 484, 485, 486, 487, 490, 492, 493, 494, 495, 497, 498, 499, 500, 503, 505, 506, 507, 508, 511, 513, 514, 515, 516], "excluded_lines": []}}}, "surrogate_optim/core/scalable_optimizer.py": {"executed_lines": [], "summary": {"covered_lines": 0, "num_statements": 182, "percent_covered": 0.0, "percent_covered_display": "0", "missing_lines": 182, "excluded_lines": 0}, "missing_lines": [3, 4, 6, 7, 8, 10, 15, 16, 22, 34, 75, 87, 88, 89, 90, 91, 92, 93, 94, 97, 105, 113, 119, 120, 136, 137, 140, 141, 149, 150, 151, 155, 156, 163, 166, 167, 169, 170, 176, 178, 179, 180, 198, 199, 202, 206, 212, 213, 216, 217, 221, 224, 225, 227, 229, 230, 231, 249, 250, 253, 257, 263, 264, 267, 268, 272, 275, 276, 278, 280, 300, 301, 303, 308, 309, 310, 316, 317, 318, 321, 322, 327, 330, 332, 333, 336, 337, 339, 345, 346, 348, 349, 351, 365, 366, 369, 370, 372, 373, 375, 377, 382, 383, 393, 397, 399, 413, 414, 416, 417, 419, 421, 428, 429, 431, 433, 436, 437, 438, 439, 442, 443, 444, 445, 446, 447, 448, 451, 452, 455, 456, 457, 458, 459, 467, 469, 471, 473, 475, 477, 478, 484, 486, 488, 489, 490, 491, 492, 493, 495, 497, 499, 505, 508, 509, 512, 513, 514, 517, 518, 526, 528, 534, 535, 537, 540, 546, 547, 548, 550, 551, 552, 555, 556, 558, 559, 560, 563, 564, 566, 573, 578], "excluded_lines": [], "functions": {"ScalableSurrogateOptimizer.__init__": {"executed_lines": [], "summary": {"covered_lines": 0, "num_statements": 12, "percent_covered": 0.0, "percent_covered_display": "0", "missing_lines": 12, "excluded_lines": 0}, "missing_lines": [75, 87, 88, 89, 90, 91, 92, 93, 94, 97, 105, 113], "excluded_lines": []}, "ScalableSurrogateOptimizer.fit_surrogate": {"executed_lines": [], "summary": {"covered_lines": 0, "num_statements": 15, "percent_covered": 0.0, "percent_covered_display": "0", "missing_lines": 15, "excluded_lines": 0}, "missing_lines": [136, 137, 140, 141, 149, 150, 151, 155, 156, 163, 166, 167, 169, 170, 176], "excluded_lines": []}, "ScalableSurrogateOptimizer.predict": {"executed_lines": [], "summary": {"covered_lines": 0, "num_statements": 12, "percent_covered": 0.0, "percent_covered_display": "0", "missing_lines": 12, "excluded_lines": 0}, "missing_lines": [198, 199, 202, 206, 212, 213, 216, 217, 221, 224, 225, 227], "excluded_lines": []}, "ScalableSurrogateOptimizer.gradient": {"executed_lines": [], "summary": {"covered_lines": 0, "num_statements": 12, "percent_covered": 0.0, "percent_covered_display": "0", "missing_lines": 12, "excluded_lines": 0}, "missing_lines": [249, 250, 253, 257, 263, 264, 267, 268, 272, 275, 276, 278], "excluded_lines": []}, "ScalableSurrogateOptimizer.parallel_optimize": {"executed_lines": [], "summary": {"covered_lines": 0, "num_statements": 17, "percent_covered": 0.0, "percent_covered_display": "0", "missing_lines": 17, "excluded_lines": 0}, "missing_lines": [300, 301, 303, 308, 321, 322, 327, 330, 332, 333, 336, 337, 339, 345, 346, 348, 349], "excluded_lines": []}, "ScalableSurrogateOptimizer.parallel_optimize.single_optimize": {"executed_lines": [], "summary": {"covered_lines": 0, "num_statements": 5, "percent_covered": 0.0, "percent_covered_display": "0", "missing_lines": 5, "excluded_lines": 0}, "missing_lines": [309, 310, 316, 317, 318], "excluded_lines": []}, "ScalableSurrogateOptimizer.create_performance_profile": {"executed_lines": [], "summary": {"covered_lines": 0, "num_statements": 12, "percent_covered": 0.0, "percent_covered_display": "0", "missing_lines": 12, "excluded_lines": 0}, "missing_lines": [365, 366, 369, 370, 372, 373, 375, 377, 382, 383, 393, 397], "excluded_lines": []}, "ScalableSurrogateOptimizer.benchmark_scaling": {"executed_lines": [], "summary": {"covered_lines": 0, "num_statements": 30, "percent_covered": 0.0, "percent_covered_display": "0", "missing_lines": 30, "excluded_lines": 0}, "missing_lines": [413, 414, 416, 417, 419, 421, 428, 429, 431, 433, 436, 437, 438, 439, 442, 443, 444, 445, 446, 447, 448, 451, 452, 455, 456, 457, 458, 459, 467, 469], "excluded_lines": []}, "ScalableSurrogateOptimizer._calculate_scaling_efficiency": {"executed_lines": [], "summary": {"covered_lines": 0, "num_statements": 14, "percent_covered": 0.0, "percent_covered_display": "0", "missing_lines": 14, "excluded_lines": 0}, "missing_lines": [473, 475, 477, 478, 484, 486, 488, 489, 490, 491, 492, 493, 495, 497], "excluded_lines": []}, "ScalableSurrogateOptimizer.get_comprehensive_metrics": {"executed_lines": [], "summary": {"covered_lines": 0, "num_statements": 9, "percent_covered": 0.0, "percent_covered_display": "0", "missing_lines": 9, "excluded_lines": 0}, "missing_lines": [505, 508, 509, 512, 513, 514, 517, 518, 526], "excluded_lines": []}, "ScalableSurrogateOptimizer.auto_tune_performance": {"executed_lines": [], "summary": {"covered_lines": 0, "num_statements": 20, "percent_covered": 0.0, "percent_covered_display": "0", "missing_lines": 20, "excluded_lines": 0}, "missing_lines": [534, 535, 537, 540, 546, 547, 548, 550, 551, 552, 555, 556, 558, 559, 560, 563, 564, 566, 573, 578], "excluded_lines": []}, "": {"executed_lines": [], "summary": {"covered_lines": 0, "num_statements": 24, "percent_covered": 0.0, "percent_covered_display": "0", "missing_lines": 24, "excluded_lines": 0}, "missing_lines": [3, 4, 6, 7, 8, 10, 15, 16, 22, 34, 119, 120, 178, 179, 180, 229, 230, 231, 280, 351, 399, 471, 499, 528], "excluded_lines": []}}, "classes": {"ScalableSurrogateOptimizer": {"executed_lines": [], "summary": {"covered_lines": 0, "num_statements": 158, "percent_covered": 0.0, "percent_covered_display": "0", "missing_lines": 158, "excluded_lines": 0}, "missing_lines": [75, 87, 88, 89, 90, 91, 92, 93, 94, 97, 105, 113, 136, 137, 140, 141, 149, 150, 151, 155, 156, 163, 166, 167, 169, 170, 176, 198, 199, 202, 206, 212, 213, 216, 217, 221, 224, 225, 227, 249, 250, 253, 257, 263, 264, 267, 268, 272, 275, 276, 278, 300, 301, 303, 308, 309, 310, 316, 317, 318, 321, 322, 327, 330, 332, 333, 336, 337, 339, 345, 346, 348, 349, 365, 366, 369, 370, 372, 373, 375, 377, 382, 383, 393, 397, 413, 414, 416, 417, 419, 421, 428, 429, 431, 433, 436, 437, 438, 439, 442, 443, 444, 445, 446, 447, 448, 451, 452, 455, 456, 457, 458, 459, 467, 469, 473, 475, 477, 478, 484, 486, 488, 489, 490, 491, 492, 493, 495, 497, 505, 508, 509, 512, 513, 514, 517, 518, 526, 534, 535, 537, 540, 546, 547, 548, 550, 551, 552, 555, 556, 558, 559, 560, 563, 564, 566, 573, 578], "excluded_lines": []}, "": {"executed_lines": [], "summary": {"covered_lines": 0, "num_statements": 24, "percent_covered": 0.0, "percent_covered_display": "0", "missing_lines": 24, "excluded_lines": 0}, "missing_lines": [3, 4, 6, 7, 8, 10, 15, 16, 22, 34, 119, 120, 178, 179, 180, 229, 230, 231, 280, 351, 399, 471, 499, 528], "excluded_lines": []}}}, "surrogate_optim/data/cache.py": {"executed_lines": [], "summary": {"covered_lines": 0, "num_statements": 142, "percent_covered": 0.0, "percent_covered_display": "0", "missing_lines": 142, "excluded_lines": 0}, "missing_lines": [3, 4, 5, 6, 7, 8, 10, 11, 14, 21, 36, 37, 38, 39, 42, 45, 46, 49, 56, 66, 67, 69, 79, 80, 81, 82, 83, 86, 87, 88, 89, 90, 93, 94, 95, 97, 98, 99, 101, 103, 104, 106, 114, 116, 120, 123, 124, 126, 135, 136, 138, 139, 141, 142, 143, 144, 146, 147, 150, 151, 152, 154, 156, 158, 165, 166, 168, 169, 171, 172, 178, 179, 180, 182, 184, 193, 195, 203, 206, 208, 217, 219, 220, 221, 224, 225, 226, 228, 230, 232, 234, 236, 237, 238, 240, 242, 243, 245, 251, 252, 254, 255, 257, 271, 277, 280, 284, 285, 288, 289, 290, 291, 294, 297, 312, 313, 315, 316, 317, 319, 322, 324, 333, 335, 346, 349, 351, 353, 355, 357, 359, 363, 366, 369, 370, 371, 374, 383, 386, 399, 400, 404], "excluded_lines": [], "functions": {"FunctionCache.__init__": {"executed_lines": [], "summary": {"covered_lines": 0, "num_statements": 8, "percent_covered": 0.0, "percent_covered_display": "0", "missing_lines": 8, "excluded_lines": 0}, "missing_lines": [36, 37, 38, 39, 42, 45, 46, 49], "excluded_lines": []}, "FunctionCache._hash_point": {"executed_lines": [], "summary": {"covered_lines": 0, "num_statements": 2, "percent_covered": 0.0, "percent_covered_display": "0", "missing_lines": 2, "excluded_lines": 0}, "missing_lines": [66, 67], "excluded_lines": []}, "FunctionCache._find_cached_point": {"executed_lines": [], "summary": {"covered_lines": 0, "num_statements": 19, "percent_covered": 0.0, "percent_covered_display": "0", "missing_lines": 19, "excluded_lines": 0}, "missing_lines": [79, 80, 81, 82, 83, 86, 87, 88, 89, 90, 93, 94, 95, 97, 98, 99, 101, 103, 104], "excluded_lines": []}, "FunctionCache._add_to_memory_cache": {"executed_lines": [], "summary": {"covered_lines": 0, "num_statements": 5, "percent_covered": 0.0, "percent_covered_display": "0", "missing_lines": 5, "excluded_lines": 0}, "missing_lines": [114, 116, 120, 123, 124], "excluded_lines": []}, "FunctionCache._disk_lookup": {"executed_lines": [], "summary": {"covered_lines": 0, "num_statements": 15, "percent_covered": 0.0, "percent_covered_display": "0", "missing_lines": 15, "excluded_lines": 0}, "missing_lines": [135, 136, 138, 139, 141, 142, 143, 144, 146, 147, 150, 151, 152, 154, 156], "excluded_lines": []}, "FunctionCache._disk_store": {"executed_lines": [], "summary": {"covered_lines": 0, "num_statements": 10, "percent_covered": 0.0, "percent_covered_display": "0", "missing_lines": 10, "excluded_lines": 0}, "missing_lines": [165, 166, 168, 169, 171, 172, 178, 179, 180, 182], "excluded_lines": []}, "FunctionCache.get": {"executed_lines": [], "summary": {"covered_lines": 0, "num_statements": 1, "percent_covered": 0.0, "percent_covered_display": "0", "missing_lines": 1, "excluded_lines": 0}, "missing_lines": [193], "excluded_lines": []}, "FunctionCache.put": {"executed_lines": [], "summary": {"covered_lines": 0, "num_statements": 2, "percent_covered": 0.0, "percent_covered_display": "0", "missing_lines": 2, "excluded_lines": 0}, "missing_lines": [203, 206], "excluded_lines": []}, "FunctionCache.cached_function": {"executed_lines": [], "summary": {"covered_lines": 0, "num_statements": 2, "percent_covered": 0.0, "percent_covered_display": "0", "missing_lines": 2, "excluded_lines": 0}, "missing_lines": [217, 228], "excluded_lines": []}, "FunctionCache.cached_function.cached_func": {"executed_lines": [], "summary": {"covered_lines": 0, "num_statements": 6, "percent_covered": 0.0, "percent_covered_display": "0", "missing_lines": 6, "excluded_lines": 0}, "missing_lines": [219, 220, 221, 224, 225, 226], "excluded_lines": []}, "FunctionCache.clear_memory": {"executed_lines": [], "summary": {"covered_lines": 0, "num_statements": 1, "percent_covered": 0.0, "percent_covered_display": "0", "missing_lines": 1, "excluded_lines": 0}, "missing_lines": [232], "excluded_lines": []}, "FunctionCache.clear_disk": {"executed_lines": [], "summary": {"covered_lines": 0, "num_statements": 3, "percent_covered": 0.0, "percent_covered_display": "0", "missing_lines": 3, "excluded_lines": 0}, "missing_lines": [236, 237, 238], "excluded_lines": []}, "FunctionCache.clear_all": {"executed_lines": [], "summary": {"covered_lines": 0, "num_statements": 2, "percent_covered": 0.0, "percent_covered_display": "0", "missing_lines": 2, "excluded_lines": 0}, "missing_lines": [242, 243], "excluded_lines": []}, "FunctionCache.get_stats": {"executed_lines": [], "summary": {"covered_lines": 0, "num_statements": 5, "percent_covered": 0.0, "percent_covered_display": "0", "missing_lines": 5, "excluded_lines": 0}, "missing_lines": [251, 252, 254, 255, 257], "excluded_lines": []}, "FunctionCache.optimize_cache": {"executed_lines": [], "summary": {"covered_lines": 0, "num_statements": 8, "percent_covered": 0.0, "percent_covered_display": "0", "missing_lines": 8, "excluded_lines": 0}, "missing_lines": [277, 280, 284, 285, 288, 289, 290, 291], "excluded_lines": []}, "CachedDataCollector.__init__": {"executed_lines": [], "summary": {"covered_lines": 0, "num_statements": 7, "percent_covered": 0.0, "percent_covered_display": "0", "missing_lines": 7, "excluded_lines": 0}, "missing_lines": [312, 313, 315, 316, 317, 319, 322], "excluded_lines": []}, "CachedDataCollector.__call__": {"executed_lines": [], "summary": {"covered_lines": 0, "num_statements": 1, "percent_covered": 0.0, "percent_covered_display": "0", "missing_lines": 1, "excluded_lines": 0}, "missing_lines": [333], "excluded_lines": []}, "CachedDataCollector.collect_data": {"executed_lines": [], "summary": {"covered_lines": 0, "num_statements": 3, "percent_covered": 0.0, "percent_covered_display": "0", "missing_lines": 3, "excluded_lines": 0}, "missing_lines": [346, 349, 351], "excluded_lines": []}, "CachedDataCollector.get_cache_stats": {"executed_lines": [], "summary": {"covered_lines": 0, "num_statements": 1, "percent_covered": 0.0, "percent_covered_display": "0", "missing_lines": 1, "excluded_lines": 0}, "missing_lines": [355], "excluded_lines": []}, "CachedDataCollector.clear_cache": {"executed_lines": [], "summary": {"covered_lines": 0, "num_statements": 1, "percent_covered": 0.0, "percent_covered_display": "0", "missing_lines": 1, "excluded_lines": 0}, "missing_lines": [359], "excluded_lines": []}, "get_default_cache": {"executed_lines": [], "summary": {"covered_lines": 0, "num_statements": 3, "percent_covered": 0.0, "percent_covered_display": "0", "missing_lines": 3, "excluded_lines": 0}, "missing_lines": [369, 370, 371], "excluded_lines": []}, "cached_function": {"executed_lines": [], "summary": {"covered_lines": 0, "num_statements": 1, "percent_covered": 0.0, "percent_covered_display": "0", "missing_lines": 1, "excluded_lines": 0}, "missing_lines": [383], "excluded_lines": []}, "with_cache": {"executed_lines": [], "summary": {"covered_lines": 0, "num_statements": 3, "percent_covered": 0.0, "percent_covered_display": "0", "missing_lines": 3, "excluded_lines": 0}, "missing_lines": [399, 400, 404], "excluded_lines": []}, "": {"executed_lines": [], "summary": {"covered_lines": 0, "num_statements": 33, "percent_covered": 0.0, "percent_covered_display": "0", "missing_lines": 33, "excluded_lines": 0}, "missing_lines": [3, 4, 5, 6, 7, 8, 10, 11, 14, 21, 56, 69, 106, 126, 158, 184, 195, 208, 230, 234, 240, 245, 271, 294, 297, 324, 335, 353, 357, 363, 366, 374, 386], "excluded_lines": []}}, "classes": {"FunctionCache": {"executed_lines": [], "summary": {"covered_lines": 0, "num_statements": 89, "percent_covered": 0.0, "percent_covered_display": "0", "missing_lines": 89, "excluded_lines": 0}, "missing_lines": [36, 37, 38, 39, 42, 45, 46, 49, 66, 67, 79, 80, 81, 82, 83, 86, 87, 88, 89, 90, 93, 94, 95, 97, 98, 99, 101, 103, 104, 114, 116, 120, 123, 124, 135, 136, 138, 139, 141, 142, 143, 144, 146, 147, 150, 151, 152, 154, 156, 165, 166, 168, 169, 171, 172, 178, 179, 180, 182, 193, 203, 206, 217, 219, 220, 221, 224, 225, 226, 228, 232, 236, 237, 238, 242, 243, 251, 252, 254, 255, 257, 277, 280, 284, 285, 288, 289, 290, 291], "excluded_lines": []}, "CachedDataCollector": {"executed_lines": [], "summary": {"covered_lines": 0, "num_statements": 13, "percent_covered": 0.0, "percent_covered_display": "0", "missing_lines": 13, "excluded_lines": 0}, "missing_lines": [312, 313, 315, 316, 317, 319, 322, 333, 346, 349, 351, 355, 359], "excluded_lines": []}, "": {"executed_lines": [], "summary": {"covered_lines": 0, "num_statements": 40, "percent_covered": 0.0, "percent_covered_display": "0", "missing_lines": 40, "excluded_lines": 0}, "missing_lines": [3, 4, 5, 6, 7, 8, 10, 11, 14, 21, 56, 69, 106, 126, 158, 184, 195, 208, 230, 234, 240, 245, 271, 294, 297, 324, 335, 353, 357, 363, 366, 369, 370, 371, 374, 383, 386, 399, 400, 404], "excluded_lines": []}}}, "surrogate_optim/data/collector.py": {"executed_lines": [], "summary": {"covered_lines": 0, "num_statements": 125, "percent_covered": 0.0, "percent_covered_display": "0", "missing_lines": 125, "excluded_lines": 0}, "missing_lines": [3, 5, 6, 8, 9, 12, 19, 32, 33, 34, 35, 38, 39, 40, 42, 64, 65, 68, 71, 74, 75, 76, 77, 78, 81, 93, 94, 96, 98, 100, 102, 103, 104, 105, 106, 107, 109, 111, 114, 117, 119, 121, 123, 125, 126, 128, 130, 132, 133, 135, 136, 138, 140, 141, 142, 145, 146, 147, 148, 149, 150, 151, 153, 154, 157, 158, 159, 161, 163, 171, 172, 174, 175, 177, 179, 180, 181, 184, 185, 186, 188, 190, 191, 194, 195, 196, 198, 199, 200, 203, 204, 205, 206, 207, 209, 211, 212, 214, 216, 237, 240, 241, 244, 245, 246, 248, 250, 253, 256, 261, 262, 265, 268, 275, 276, 278, 280, 281, 282, 284, 285, 287, 290, 313, 314], "excluded_lines": [], "functions": {"DataCollector.__init__": {"executed_lines": [], "summary": {"covered_lines": 0, "num_statements": 7, "percent_covered": 0.0, "percent_covered_display": "0", "missing_lines": 7, "excluded_lines": 0}, "missing_lines": [32, 33, 34, 35, 38, 39, 40], "excluded_lines": []}, "DataCollector.collect": {"executed_lines": [], "summary": {"covered_lines": 0, "num_statements": 13, "percent_covered": 0.0, "percent_covered_display": "0", "missing_lines": 13, "excluded_lines": 0}, "missing_lines": [64, 65, 68, 71, 74, 75, 76, 77, 78, 81, 93, 94, 96], "excluded_lines": []}, "DataCollector._generate_samples": {"executed_lines": [], "summary": {"covered_lines": 0, "num_statements": 12, "percent_covered": 0.0, "percent_covered_display": "0", "missing_lines": 12, "excluded_lines": 0}, "missing_lines": [100, 102, 103, 104, 105, 106, 107, 109, 111, 114, 117, 119], "excluded_lines": []}, "DataCollector._transform_to_bounds": {"executed_lines": [], "summary": {"covered_lines": 0, "num_statements": 4, "percent_covered": 0.0, "percent_covered_display": "0", "missing_lines": 4, "excluded_lines": 0}, "missing_lines": [123, 125, 126, 128], "excluded_lines": []}, "DataCollector._evaluate_function": {"executed_lines": [], "summary": {"covered_lines": 0, "num_statements": 21, "percent_covered": 0.0, "percent_covered_display": "0", "missing_lines": 21, "excluded_lines": 0}, "missing_lines": [132, 133, 135, 136, 138, 140, 141, 142, 145, 146, 147, 148, 149, 150, 151, 153, 154, 157, 158, 159, 161], "excluded_lines": []}, "DataCollector._estimate_gradients": {"executed_lines": [], "summary": {"covered_lines": 0, "num_statements": 29, "percent_covered": 0.0, "percent_covered_display": "0", "missing_lines": 29, "excluded_lines": 0}, "missing_lines": [171, 172, 174, 175, 177, 179, 180, 181, 184, 185, 186, 188, 190, 191, 194, 195, 196, 198, 199, 200, 203, 204, 205, 206, 207, 209, 211, 212, 214], "excluded_lines": []}, "DataCollector.collect_adaptive": {"executed_lines": [], "summary": {"covered_lines": 0, "num_statements": 16, "percent_covered": 0.0, "percent_covered_display": "0", "missing_lines": 16, "excluded_lines": 0}, "missing_lines": [237, 240, 241, 244, 245, 246, 248, 250, 253, 256, 261, 262, 265, 268, 275, 276], "excluded_lines": []}, "DataCollector._compute_acquisition": {"executed_lines": [], "summary": {"covered_lines": 0, "num_statements": 6, "percent_covered": 0.0, "percent_covered_display": "0", "missing_lines": 6, "excluded_lines": 0}, "missing_lines": [280, 281, 282, 284, 285, 287], "excluded_lines": []}, "collect_data": {"executed_lines": [], "summary": {"covered_lines": 0, "num_statements": 2, "percent_covered": 0.0, "percent_covered_display": "0", "missing_lines": 2, "excluded_lines": 0}, "missing_lines": [313, 314], "excluded_lines": []}, "": {"executed_lines": [], "summary": {"covered_lines": 0, "num_statements": 15, "percent_covered": 0.0, "percent_covered_display": "0", "missing_lines": 15, "excluded_lines": 0}, "missing_lines": [3, 5, 6, 8, 9, 12, 19, 42, 98, 121, 130, 163, 216, 278, 290], "excluded_lines": []}}, "classes": {"DataCollector": {"executed_lines": [], "summary": {"covered_lines": 0, "num_statements": 108, "percent_covered": 0.0, "percent_covered_display": "0", "missing_lines": 108, "excluded_lines": 0}, "missing_lines": [32, 33, 34, 35, 38, 39, 40, 64, 65, 68, 71, 74, 75, 76, 77, 78, 81, 93, 94, 96, 100, 102, 103, 104, 105, 106, 107, 109, 111, 114, 117, 119, 123, 125, 126, 128, 132, 133, 135, 136, 138, 140, 141, 142, 145, 146, 147, 148, 149, 150, 151, 153, 154, 157, 158, 159, 161, 171, 172, 174, 175, 177, 179, 180, 181, 184, 185, 186, 188, 190, 191, 194, 195, 196, 198, 199, 200, 203, 204, 205, 206, 207, 209, 211, 212, 214, 237, 240, 241, 244, 245, 246, 248, 250, 253, 256, 261, 262, 265, 268, 275, 276, 280, 281, 282, 284, 285, 287], "excluded_lines": []}, "": {"executed_lines": [], "summary": {"covered_lines": 0, "num_statements": 17, "percent_covered": 0.0, "percent_covered_display": "0", "missing_lines": 17, "excluded_lines": 0}, "missing_lines": [3, 5, 6, 8, 9, 12, 19, 42, 98, 121, 130, 163, 216, 278, 290, 313, 314], "excluded_lines": []}}}, "surrogate_optim/data/database.py": {"executed_lines": [], "summary": {"covered_lines": 0, "num_statements": 147, "percent_covered": 0.0, "percent_covered_display": "0", "missing_lines": 147, "excluded_lines": 0}, "missing_lines": [3, 4, 5, 6, 7, 8, 10, 11, 13, 14, 17, 20, 26, 27, 30, 32, 34, 36, 51, 68, 89, 103, 116, 121, 126, 131, 136, 137, 139, 140, 141, 142, 143, 144, 145, 146, 148, 150, 172, 173, 186, 188, 197, 198, 202, 203, 204, 205, 207, 216, 217, 221, 222, 223, 224, 226, 232, 233, 237, 239, 258, 259, 261, 262, 270, 271, 287, 289, 298, 299, 303, 304, 305, 308, 309, 310, 312, 313, 314, 315, 318, 326, 328, 346, 347, 367, 369, 381, 382, 388, 389, 390, 392, 393, 394, 395, 397, 399, 416, 417, 429, 438, 440, 443, 445, 446, 449, 452, 455, 458, 461, 464, 467, 472, 473, 475, 487, 493, 495, 496, 497, 500, 501, 503, 504, 507, 508, 509, 510, 511, 513, 521, 522, 523, 526, 527, 530, 533, 536, 539, 548, 549, 553, 556, 559, 560, 561], "excluded_lines": [], "functions": {"OptimizationDatabase.__init__": {"executed_lines": [], "summary": {"covered_lines": 0, "num_statements": 3, "percent_covered": 0.0, "percent_covered_display": "0", "missing_lines": 3, "excluded_lines": 0}, "missing_lines": [26, 27, 30], "excluded_lines": []}, "OptimizationDatabase._init_schema": {"executed_lines": [], "summary": {"covered_lines": 0, "num_statements": 10, "percent_covered": 0.0, "percent_covered_display": "0", "missing_lines": 10, "excluded_lines": 0}, "missing_lines": [34, 36, 51, 68, 89, 103, 116, 121, 126, 131], "excluded_lines": []}, "OptimizationDatabase._get_connection": {"executed_lines": [], "summary": {"covered_lines": 0, "num_statements": 9, "percent_covered": 0.0, "percent_covered_display": "0", "missing_lines": 9, "excluded_lines": 0}, "missing_lines": [139, 140, 141, 142, 143, 144, 145, 146, 148], "excluded_lines": []}, "OptimizationDatabase.create_experiment": {"executed_lines": [], "summary": {"covered_lines": 0, "num_statements": 3, "percent_covered": 0.0, "percent_covered_display": "0", "missing_lines": 3, "excluded_lines": 0}, "missing_lines": [172, 173, 186], "excluded_lines": []}, "OptimizationDatabase.get_experiment": {"executed_lines": [], "summary": {"covered_lines": 0, "num_statements": 6, "percent_covered": 0.0, "percent_covered_display": "0", "missing_lines": 6, "excluded_lines": 0}, "missing_lines": [197, 198, 202, 203, 204, 205], "excluded_lines": []}, "OptimizationDatabase.get_experiment_by_name": {"executed_lines": [], "summary": {"covered_lines": 0, "num_statements": 6, "percent_covered": 0.0, "percent_covered_display": "0", "missing_lines": 6, "excluded_lines": 0}, "missing_lines": [216, 217, 221, 222, 223, 224], "excluded_lines": []}, "OptimizationDatabase.list_experiments": {"executed_lines": [], "summary": {"covered_lines": 0, "num_statements": 3, "percent_covered": 0.0, "percent_covered_display": "0", "missing_lines": 3, "excluded_lines": 0}, "missing_lines": [232, 233, 237], "excluded_lines": []}, "OptimizationDatabase.save_dataset": {"executed_lines": [], "summary": {"covered_lines": 0, "num_statements": 7, "percent_covered": 0.0, "percent_covered_display": "0", "missing_lines": 7, "excluded_lines": 0}, "missing_lines": [258, 259, 261, 262, 270, 271, 287], "excluded_lines": []}, "OptimizationDatabase.load_dataset": {"executed_lines": [], "summary": {"covered_lines": 0, "num_statements": 14, "percent_covered": 0.0, "percent_covered_display": "0", "missing_lines": 14, "excluded_lines": 0}, "missing_lines": [298, 299, 303, 304, 305, 308, 309, 310, 312, 313, 314, 315, 318, 326], "excluded_lines": []}, "OptimizationDatabase.save_optimization_result": {"executed_lines": [], "summary": {"covered_lines": 0, "num_statements": 3, "percent_covered": 0.0, "percent_covered_display": "0", "missing_lines": 3, "excluded_lines": 0}, "missing_lines": [346, 347, 367], "excluded_lines": []}, "OptimizationDatabase.get_optimization_results": {"executed_lines": [], "summary": {"covered_lines": 0, "num_statements": 10, "percent_covered": 0.0, "percent_covered_display": "0", "missing_lines": 10, "excluded_lines": 0}, "missing_lines": [381, 382, 388, 389, 390, 392, 393, 394, 395, 397], "excluded_lines": []}, "OptimizationDatabase.log_function_evaluation": {"executed_lines": [], "summary": {"covered_lines": 0, "num_statements": 2, "percent_covered": 0.0, "percent_covered_display": "0", "missing_lines": 2, "excluded_lines": 0}, "missing_lines": [416, 417], "excluded_lines": []}, "OptimizationDatabase.get_experiment_statistics": {"executed_lines": [], "summary": {"covered_lines": 0, "num_statements": 15, "percent_covered": 0.0, "percent_covered_display": "0", "missing_lines": 15, "excluded_lines": 0}, "missing_lines": [438, 440, 443, 445, 446, 449, 452, 455, 458, 461, 464, 467, 472, 473, 475], "excluded_lines": []}, "OptimizationDatabase.delete_experiment": {"executed_lines": [], "summary": {"covered_lines": 0, "num_statements": 13, "percent_covered": 0.0, "percent_covered_display": "0", "missing_lines": 13, "excluded_lines": 0}, "missing_lines": [493, 495, 496, 497, 500, 501, 503, 504, 507, 508, 509, 510, 511], "excluded_lines": []}, "OptimizationDatabase.export_experiment": {"executed_lines": [], "summary": {"covered_lines": 0, "num_statements": 11, "percent_covered": 0.0, "percent_covered_display": "0", "missing_lines": 11, "excluded_lines": 0}, "missing_lines": [521, 522, 523, 526, 527, 530, 533, 536, 539, 548, 549], "excluded_lines": []}, "get_default_database": {"executed_lines": [], "summary": {"covered_lines": 0, "num_statements": 3, "percent_covered": 0.0, "percent_covered_display": "0", "missing_lines": 3, "excluded_lines": 0}, "missing_lines": [559, 560, 561], "excluded_lines": []}, "": {"executed_lines": [], "summary": {"covered_lines": 0, "num_statements": 29, "percent_covered": 0.0, "percent_covered_display": "0", "missing_lines": 29, "excluded_lines": 0}, "missing_lines": [3, 4, 5, 6, 7, 8, 10, 11, 13, 14, 17, 20, 32, 136, 137, 150, 188, 207, 226, 239, 289, 328, 369, 399, 429, 487, 513, 553, 556], "excluded_lines": []}}, "classes": {"OptimizationDatabase": {"executed_lines": [], "summary": {"covered_lines": 0, "num_statements": 115, "percent_covered": 0.0, "percent_covered_display": "0", "missing_lines": 115, "excluded_lines": 0}, "missing_lines": [26, 27, 30, 34, 36, 51, 68, 89, 103, 116, 121, 126, 131, 139, 140, 141, 142, 143, 144, 145, 146, 148, 172, 173, 186, 197, 198, 202, 203, 204, 205, 216, 217, 221, 222, 223, 224, 232, 233, 237, 258, 259, 261, 262, 270, 271, 287, 298, 299, 303, 304, 305, 308, 309, 310, 312, 313, 314, 315, 318, 326, 346, 347, 367, 381, 382, 388, 389, 390, 392, 393, 394, 395, 397, 416, 417, 438, 440, 443, 445, 446, 449, 452, 455, 458, 461, 464, 467, 472, 473, 475, 493, 495, 496, 497, 500, 501, 503, 504, 507, 508, 509, 510, 511, 521, 522, 523, 526, 527, 530, 533, 536, 539, 548, 549], "excluded_lines": []}, "": {"executed_lines": [], "summary": {"covered_lines": 0, "num_statements": 32, "percent_covered": 0.0, "percent_covered_display": "0", "missing_lines": 32, "excluded_lines": 0}, "missing_lines": [3, 4, 5, 6, 7, 8, 10, 11, 13, 14, 17, 20, 32, 136, 137, 150, 188, 207, 226, 239, 289, 328, 369, 399, 429, 487, 513, 553, 556, 559, 560, 561], "excluded_lines": []}}}, "surrogate_optim/data/persistence.py": {"executed_lines": [], "summary": {"covered_lines": 0, "num_statements": 162, "percent_covered": 0.0, "percent_covered_display": "0", "missing_lines": 162, "excluded_lines": 0}, "missing_lines": [3, 4, 5, 6, 8, 9, 11, 12, 15, 18, 24, 25, 28, 29, 30, 32, 50, 51, 52, 53, 54, 55, 57, 59, 60, 62, 64, 68, 69, 71, 74, 75, 76, 78, 80, 87, 88, 90, 92, 93, 95, 97, 107, 109, 110, 111, 112, 114, 116, 117, 118, 120, 121, 124, 125, 126, 127, 130, 131, 132, 133, 135, 137, 138, 140, 141, 143, 144, 146, 147, 148, 149, 151, 153, 154, 156, 157, 159, 160, 163, 165, 167, 168, 169, 171, 177, 178, 180, 181, 182, 184, 186, 202, 205, 215, 216, 218, 219, 221, 222, 224, 226, 235, 237, 238, 240, 241, 244, 245, 246, 248, 260, 266, 267, 269, 285, 286, 288, 290, 291, 293, 295, 304, 306, 307, 309, 310, 312, 318, 319, 321, 327, 344, 345, 346, 347, 349, 351, 353, 362, 364, 366, 368, 369, 371, 372, 373, 374, 376, 380, 383, 386, 387, 388, 392, 394, 397, 399, 402, 404, 407, 409], "excluded_lines": [], "functions": {"DataPersistence.__init__": {"executed_lines": [], "summary": {"covered_lines": 0, "num_statements": 5, "percent_covered": 0.0, "percent_covered_display": "0", "missing_lines": 5, "excluded_lines": 0}, "missing_lines": [24, 25, 28, 29, 30], "excluded_lines": []}, "DataPersistence.save_dataset": {"executed_lines": [], "summary": {"covered_lines": 0, "num_statements": 25, "percent_covered": 0.0, "percent_covered_display": "0", "missing_lines": 25, "excluded_lines": 0}, "missing_lines": [50, 51, 52, 53, 54, 55, 57, 59, 60, 62, 64, 68, 69, 71, 74, 75, 76, 78, 80, 87, 88, 90, 92, 93, 95], "excluded_lines": []}, "DataPersistence.load_dataset": {"executed_lines": [], "summary": {"covered_lines": 0, "num_statements": 38, "percent_covered": 0.0, "percent_covered_display": "0", "missing_lines": 38, "excluded_lines": 0}, "missing_lines": [107, 109, 110, 111, 112, 114, 116, 117, 118, 120, 121, 124, 125, 126, 127, 130, 131, 132, 133, 135, 137, 138, 140, 141, 143, 144, 146, 147, 148, 149, 151, 153, 154, 156, 157, 159, 160, 163], "excluded_lines": []}, "DataPersistence._dataset_exists": {"executed_lines": [], "summary": {"covered_lines": 0, "num_statements": 3, "percent_covered": 0.0, "percent_covered_display": "0", "missing_lines": 3, "excluded_lines": 0}, "missing_lines": [167, 168, 169], "excluded_lines": []}, "DataPersistence.list_datasets": {"executed_lines": [], "summary": {"covered_lines": 0, "num_statements": 6, "percent_covered": 0.0, "percent_covered_display": "0", "missing_lines": 6, "excluded_lines": 0}, "missing_lines": [177, 178, 180, 181, 182, 184], "excluded_lines": []}, "DataPersistence.save_optimization_result": {"executed_lines": [], "summary": {"covered_lines": 0, "num_statements": 9, "percent_covered": 0.0, "percent_covered_display": "0", "missing_lines": 9, "excluded_lines": 0}, "missing_lines": [202, 205, 215, 216, 218, 219, 221, 222, 224], "excluded_lines": []}, "DataPersistence.load_optimization_result": {"executed_lines": [], "summary": {"covered_lines": 0, "num_statements": 9, "percent_covered": 0.0, "percent_covered_display": "0", "missing_lines": 9, "excluded_lines": 0}, "missing_lines": [235, 237, 238, 240, 241, 244, 245, 246, 248], "excluded_lines": []}, "DataPersistence.list_results": {"executed_lines": [], "summary": {"covered_lines": 0, "num_statements": 2, "percent_covered": 0.0, "percent_covered_display": "0", "missing_lines": 2, "excluded_lines": 0}, "missing_lines": [266, 267], "excluded_lines": []}, "DataPersistence.save_model": {"executed_lines": [], "summary": {"covered_lines": 0, "num_statements": 6, "percent_covered": 0.0, "percent_covered_display": "0", "missing_lines": 6, "excluded_lines": 0}, "missing_lines": [285, 286, 288, 290, 291, 293], "excluded_lines": []}, "DataPersistence.load_model": {"executed_lines": [], "summary": {"covered_lines": 0, "num_statements": 5, "percent_covered": 0.0, "percent_covered_display": "0", "missing_lines": 5, "excluded_lines": 0}, "missing_lines": [304, 306, 307, 309, 310], "excluded_lines": []}, "DataPersistence.list_models": {"executed_lines": [], "summary": {"covered_lines": 0, "num_statements": 2, "percent_covered": 0.0, "percent_covered_display": "0", "missing_lines": 2, "excluded_lines": 0}, "missing_lines": [318, 319], "excluded_lines": []}, "DataPersistence.get_storage_info": {"executed_lines": [], "summary": {"covered_lines": 0, "num_statements": 7, "percent_covered": 0.0, "percent_covered_display": "0", "missing_lines": 7, "excluded_lines": 0}, "missing_lines": [327, 344, 345, 346, 347, 349, 351], "excluded_lines": []}, "DataPersistence.cleanup": {"executed_lines": [], "summary": {"covered_lines": 0, "num_statements": 10, "percent_covered": 0.0, "percent_covered_display": "0", "missing_lines": 10, "excluded_lines": 0}, "missing_lines": [362, 364, 366, 368, 369, 371, 372, 373, 374, 376], "excluded_lines": []}, "get_default_persistence": {"executed_lines": [], "summary": {"covered_lines": 0, "num_statements": 3, "percent_covered": 0.0, "percent_covered_display": "0", "missing_lines": 3, "excluded_lines": 0}, "missing_lines": [386, 387, 388], "excluded_lines": []}, "save_dataset": {"executed_lines": [], "summary": {"covered_lines": 0, "num_statements": 1, "percent_covered": 0.0, "percent_covered_display": "0", "missing_lines": 1, "excluded_lines": 0}, "missing_lines": [394], "excluded_lines": []}, "load_dataset": {"executed_lines": [], "summary": {"covered_lines": 0, "num_statements": 1, "percent_covered": 0.0, "percent_covered_display": "0", "missing_lines": 1, "excluded_lines": 0}, "missing_lines": [399], "excluded_lines": []}, "save_result": {"executed_lines": [], "summary": {"covered_lines": 0, "num_statements": 1, "percent_covered": 0.0, "percent_covered_display": "0", "missing_lines": 1, "excluded_lines": 0}, "missing_lines": [404], "excluded_lines": []}, "load_result": {"executed_lines": [], "summary": {"covered_lines": 0, "num_statements": 1, "percent_covered": 0.0, "percent_covered_display": "0", "missing_lines": 1, "excluded_lines": 0}, "missing_lines": [409], "excluded_lines": []}, "": {"executed_lines": [], "summary": {"covered_lines": 0, "num_statements": 28, "percent_covered": 0.0, "percent_covered_display": "0", "missing_lines": 28, "excluded_lines": 0}, "missing_lines": [3, 4, 5, 6, 8, 9, 11, 12, 15, 18, 32, 97, 165, 171, 186, 226, 260, 269, 295, 312, 321, 353, 380, 383, 392, 397, 402, 407], "excluded_lines": []}}, "classes": {"DataPersistence": {"executed_lines": [], "summary": {"covered_lines": 0, "num_statements": 127, "percent_covered": 0.0, "percent_covered_display": "0", "missing_lines": 127, "excluded_lines": 0}, "missing_lines": [24, 25, 28, 29, 30, 50, 51, 52, 53, 54, 55, 57, 59, 60, 62, 64, 68, 69, 71, 74, 75, 76, 78, 80, 87, 88, 90, 92, 93, 95, 107, 109, 110, 111, 112, 114, 116, 117, 118, 120, 121, 124, 125, 126, 127, 130, 131, 132, 133, 135, 137, 138, 140, 141, 143, 144, 146, 147, 148, 149, 151, 153, 154, 156, 157, 159, 160, 163, 167, 168, 169, 177, 178, 180, 181, 182, 184, 202, 205, 215, 216, 218, 219, 221, 222, 224, 235, 237, 238, 240, 241, 244, 245, 246, 248, 266, 267, 285, 286, 288, 290, 291, 293, 304, 306, 307, 309, 310, 318, 319, 327, 344, 345, 346, 347, 349, 351, 362, 364, 366, 368, 369, 371, 372, 373, 374, 376], "excluded_lines": []}, "": {"executed_lines": [], "summary": {"covered_lines": 0, "num_statements": 35, "percent_covered": 0.0, "percent_covered_display": "0", "missing_lines": 35, "excluded_lines": 0}, "missing_lines": [3, 4, 5, 6, 8, 9, 11, 12, 15, 18, 32, 97, 165, 171, 186, 226, 260, 269, 295, 312, 321, 353, 380, 383, 386, 387, 388, 392, 394, 397, 399, 402, 404, 407, 409], "excluded_lines": []}}}, "surrogate_optim/data/preprocessing.py": {"executed_lines": [], "summary": {"covered_lines": 0, "num_statements": 87, "percent_covered": 0.0, "percent_covered_display": "0", "missing_lines": 87, "excluded_lines": 0}, "missing_lines": [3, 5, 6, 8, 11, 26, 27, 28, 30, 33, 34, 37, 40, 41, 43, 46, 61, 62, 65, 68, 70, 73, 86, 87, 88, 90, 93, 95, 97, 100, 113, 114, 115, 118, 135, 138, 139, 140, 141, 147, 148, 149, 150, 151, 156, 157, 160, 161, 163, 164, 166, 168, 169, 172, 184, 187, 200, 201, 202, 204, 207, 220, 223, 224, 225, 228, 229, 230, 232, 233, 235, 238, 253, 255, 256, 257, 259, 260, 262, 264, 266, 267, 269, 270, 273, 276, 290], "excluded_lines": [], "functions": {"normalize_data": {"executed_lines": [], "summary": {"covered_lines": 0, "num_statements": 10, "percent_covered": 0.0, "percent_covered_display": "0", "missing_lines": 10, "excluded_lines": 0}, "missing_lines": [26, 27, 28, 30, 33, 34, 37, 40, 41, 43], "excluded_lines": []}, "denormalize_data": {"executed_lines": [], "summary": {"covered_lines": 0, "num_statements": 5, "percent_covered": 0.0, "percent_covered_display": "0", "missing_lines": 5, "excluded_lines": 0}, "missing_lines": [61, 62, 65, 68, 70], "excluded_lines": []}, "standardize_data": {"executed_lines": [], "summary": {"covered_lines": 0, "num_statements": 7, "percent_covered": 0.0, "percent_covered_display": "0", "missing_lines": 7, "excluded_lines": 0}, "missing_lines": [86, 87, 88, 90, 93, 95, 97], "excluded_lines": []}, "destandardize_data": {"executed_lines": [], "summary": {"covered_lines": 0, "num_statements": 3, "percent_covered": 0.0, "percent_covered_display": "0", "missing_lines": 3, "excluded_lines": 0}, "missing_lines": [113, 114, 115], "excluded_lines": []}, "preprocess_dataset": {"executed_lines": [], "summary": {"covered_lines": 0, "num_statements": 21, "percent_covered": 0.0, "percent_covered_display": "0", "missing_lines": 21, "excluded_lines": 0}, "missing_lines": [135, 138, 139, 140, 141, 147, 148, 149, 150, 151, 156, 157, 160, 161, 163, 164, 166, 168, 169, 172, 184], "excluded_lines": []}, "reverse_preprocess_prediction": {"executed_lines": [], "summary": {"covered_lines": 0, "num_statements": 4, "percent_covered": 0.0, "percent_covered_display": "0", "missing_lines": 4, "excluded_lines": 0}, "missing_lines": [200, 201, 202, 204], "excluded_lines": []}, "reverse_preprocess_gradient": {"executed_lines": [], "summary": {"covered_lines": 0, "num_statements": 10, "percent_covered": 0.0, "percent_covered_display": "0", "missing_lines": 10, "excluded_lines": 0}, "missing_lines": [220, 223, 224, 225, 228, 229, 230, 232, 233, 235], "excluded_lines": []}, "remove_outliers": {"executed_lines": [], "summary": {"covered_lines": 0, "num_statements": 15, "percent_covered": 0.0, "percent_covered_display": "0", "missing_lines": 15, "excluded_lines": 0}, "missing_lines": [253, 255, 256, 257, 259, 260, 262, 264, 266, 267, 269, 270, 273, 276, 290], "excluded_lines": []}, "": {"executed_lines": [], "summary": {"covered_lines": 0, "num_statements": 12, "percent_covered": 0.0, "percent_covered_display": "0", "missing_lines": 12, "excluded_lines": 0}, "missing_lines": [3, 5, 6, 8, 11, 46, 73, 100, 118, 187, 207, 238], "excluded_lines": []}}, "classes": {"": {"executed_lines": [], "summary": {"covered_lines": 0, "num_statements": 87, "percent_covered": 0.0, "percent_covered_display": "0", "missing_lines": 87, "excluded_lines": 0}, "missing_lines": [3, 5, 6, 8, 11, 26, 27, 28, 30, 33, 34, 37, 40, 41, 43, 46, 61, 62, 65, 68, 70, 73, 86, 87, 88, 90, 93, 95, 97, 100, 113, 114, 115, 118, 135, 138, 139, 140, 141, 147, 148, 149, 150, 151, 156, 157, 160, 161, 163, 164, 166, 168, 169, 172, 184, 187, 200, 201, 202, 204, 207, 220, 223, 224, 225, 228, 229, 230, 232, 233, 235, 238, 253, 255, 256, 257, 259, 260, 262, 264, 266, 267, 269, 270, 273, 276, 290], "excluded_lines": []}}}, "surrogate_optim/data/samplers.py": {"executed_lines": [], "summary": {"covered_lines": 0, "num_statements": 90, "percent_covered": 0.0, "percent_covered_display": "0", "missing_lines": 90, "excluded_lines": 12}, "missing_lines": [3, 4, 6, 7, 10, 13, 19, 20, 36, 39, 41, 42, 45, 48, 54, 55, 58, 59, 60, 62, 64, 65, 68, 71, 73, 74, 77, 78, 79, 81, 83, 85, 87, 90, 92, 94, 97, 98, 101, 102, 105, 106, 108, 110, 113, 116, 123, 126, 129, 132, 135, 136, 137, 138, 140, 143, 146, 149, 151, 153, 154, 155, 156, 158, 160, 162, 163, 164, 167, 168, 169, 170, 171, 172, 173, 174, 175, 176, 177, 178, 180, 182, 184, 185, 186, 188, 189, 190, 191, 193], "excluded_lines": [22, 23, 24, 25, 26, 27, 28, 29, 30, 31, 32, 33], "functions": {"SamplingStrategy.__init__": {"executed_lines": [], "summary": {"covered_lines": 0, "num_statements": 2, "percent_covered": 0.0, "percent_covered_display": "0", "missing_lines": 2, "excluded_lines": 0}, "missing_lines": [19, 20], "excluded_lines": []}, "SamplingStrategy.sample": {"executed_lines": [], "summary": {"covered_lines": 0, "num_statements": 0, "percent_covered": 100.0, "percent_covered_display": "100", "missing_lines": 0, "excluded_lines": 10}, "missing_lines": [], "excluded_lines": [24, 25, 26, 27, 28, 29, 30, 31, 32, 33]}, "RandomSampler.sample": {"executed_lines": [], "summary": {"covered_lines": 0, "num_statements": 2, "percent_covered": 0.0, "percent_covered_display": "0", "missing_lines": 2, "excluded_lines": 0}, "missing_lines": [41, 42], "excluded_lines": []}, "SobolSampler.sample": {"executed_lines": [], "summary": {"covered_lines": 0, "num_statements": 8, "percent_covered": 0.0, "percent_covered_display": "0", "missing_lines": 8, "excluded_lines": 0}, "missing_lines": [54, 55, 58, 59, 60, 62, 64, 65], "excluded_lines": []}, "LatinHypercubeSampler.sample": {"executed_lines": [], "summary": {"covered_lines": 0, "num_statements": 7, "percent_covered": 0.0, "percent_covered_display": "0", "missing_lines": 7, "excluded_lines": 0}, "missing_lines": [73, 74, 77, 78, 79, 81, 83], "excluded_lines": []}, "LatinHypercubeSampler._fallback_lhs": {"executed_lines": [], "summary": {"covered_lines": 0, "num_statements": 12, "percent_covered": 0.0, "percent_covered_display": "0", "missing_lines": 12, "excluded_lines": 0}, "missing_lines": [87, 90, 92, 94, 97, 98, 101, 102, 105, 106, 108, 110], "excluded_lines": []}, "GridSampler.sample": {"executed_lines": [], "summary": {"covered_lines": 0, "num_statements": 9, "percent_covered": 0.0, "percent_covered_display": "0", "missing_lines": 9, "excluded_lines": 0}, "missing_lines": [123, 126, 129, 132, 135, 136, 137, 138, 140], "excluded_lines": []}, "HaltonSampler.sample": {"executed_lines": [], "summary": {"covered_lines": 0, "num_statements": 7, "percent_covered": 0.0, "percent_covered_display": "0", "missing_lines": 7, "excluded_lines": 0}, "missing_lines": [149, 151, 153, 154, 155, 156, 158], "excluded_lines": []}, "HaltonSampler._get_primes": {"executed_lines": [], "summary": {"covered_lines": 0, "num_statements": 16, "percent_covered": 0.0, "percent_covered_display": "0", "missing_lines": 16, "excluded_lines": 0}, "missing_lines": [162, 163, 164, 167, 168, 169, 170, 171, 172, 173, 174, 175, 176, 177, 178, 180], "excluded_lines": []}, "HaltonSampler._halton_number": {"executed_lines": [], "summary": {"covered_lines": 0, "num_statements": 8, "percent_covered": 0.0, "percent_covered_display": "0", "missing_lines": 8, "excluded_lines": 0}, "missing_lines": [184, 185, 186, 188, 189, 190, 191, 193], "excluded_lines": []}, "": {"executed_lines": [], "summary": {"covered_lines": 0, "num_statements": 19, "percent_covered": 0.0, "percent_covered_display": "0", "missing_lines": 19, "excluded_lines": 2}, "missing_lines": [3, 4, 6, 7, 10, 13, 36, 39, 45, 48, 68, 71, 85, 113, 116, 143, 146, 160, 182], "excluded_lines": [22, 23]}}, "classes": {"SamplingStrategy": {"executed_lines": [], "summary": {"covered_lines": 0, "num_statements": 2, "percent_covered": 0.0, "percent_covered_display": "0", "missing_lines": 2, "excluded_lines": 10}, "missing_lines": [19, 20], "excluded_lines": [24, 25, 26, 27, 28, 29, 30, 31, 32, 33]}, "RandomSampler": {"executed_lines": [], "summary": {"covered_lines": 0, "num_statements": 2, "percent_covered": 0.0, "percent_covered_display": "0", "missing_lines": 2, "excluded_lines": 0}, "missing_lines": [41, 42], "excluded_lines": []}, "SobolSampler": {"executed_lines": [], "summary": {"covered_lines": 0, "num_statements": 8, "percent_covered": 0.0, "percent_covered_display": "0", "missing_lines": 8, "excluded_lines": 0}, "missing_lines": [54, 55, 58, 59, 60, 62, 64, 65], "excluded_lines": []}, "LatinHypercubeSampler": {"executed_lines": [], "summary": {"covered_lines": 0, "num_statements": 19, "percent_covered": 0.0, "percent_covered_display": "0", "missing_lines": 19, "excluded_lines": 0}, "missing_lines": [73, 74, 77, 78, 79, 81, 83, 87, 90, 92, 94, 97, 98, 101, 102, 105, 106, 108, 110], "excluded_lines": []}, "GridSampler": {"executed_lines": [], "summary": {"covered_lines": 0, "num_statements": 9, "percent_covered": 0.0, "percent_covered_display": "0", "missing_lines": 9, "excluded_lines": 0}, "missing_lines": [123, 126, 129, 132, 135, 136, 137, 138, 140], "excluded_lines": []}, "HaltonSampler": {"executed_lines": [], "summary": {"covered_lines": 0, "num_statements": 31, "percent_covered": 0.0, "percent_covered_display": "0", "missing_lines": 31, "excluded_lines": 0}, "missing_lines": [149, 151, 153, 154, 155, 156, 158, 162, 163, 164, 167, 168, 169, 170, 171, 172, 173, 174, 175, 176, 177, 178, 180, 184, 185, 186, 188, 189, 190, 191, 193], "excluded_lines": []}, "": {"executed_lines": [], "summary": {"covered_lines": 0, "num_statements": 19, "percent_covered": 0.0, "percent_covered_display": "0", "missing_lines": 19, "excluded_lines": 2}, "missing_lines": [3, 4, 6, 7, 10, 13, 36, 39, 45, 48, 68, 71, 85, 113, 116, 143, 146, 160, 182], "excluded_lines": [22, 23]}}}, "surrogate_optim/distributed.py": {"executed_lines": [], "summary": {"covered_lines": 0, "num_statements": 265, "percent_covered": 0.0, "percent_covered_display": "0", "missing_lines": 265, "excluded_lines": 0}, "missing_lines": [3, 4, 5, 6, 7, 8, 9, 10, 12, 13, 16, 17, 19, 20, 21, 22, 23, 24, 25, 27, 28, 29, 32, 33, 35, 36, 37, 38, 39, 40, 41, 43, 44, 45, 48, 51, 66, 67, 68, 71, 72, 73, 74, 77, 78, 79, 82, 90, 91, 92, 94, 96, 97, 98, 100, 103, 104, 109, 110, 112, 114, 115, 116, 118, 121, 122, 123, 124, 125, 127, 147, 149, 150, 160, 161, 164, 165, 166, 167, 168, 169, 170, 172, 182, 184, 186, 187, 188, 189, 190, 193, 194, 196, 198, 208, 209, 211, 212, 213, 214, 215, 216, 219, 220, 222, 223, 225, 227, 229, 230, 232, 234, 235, 238, 241, 242, 243, 244, 246, 247, 249, 252, 253, 255, 256, 257, 258, 260, 270, 272, 274, 277, 279, 281, 289, 290, 292, 300, 310, 318, 319, 321, 323, 325, 327, 329, 331, 333, 335, 337, 339, 341, 343, 345, 346, 348, 349, 350, 352, 354, 355, 357, 358, 359, 361, 363, 364, 365, 366, 367, 368, 370, 371, 373, 375, 378, 381, 396, 397, 398, 400, 401, 402, 404, 406, 415, 417, 418, 419, 420, 421, 423, 424, 425, 431, 433, 435, 447, 449, 450, 451, 452, 453, 455, 456, 457, 464, 466, 468, 478, 479, 480, 486, 488, 490, 500, 502, 512, 514, 515, 517, 518, 519, 520, 521, 523, 526, 529, 535, 537, 547, 548, 550, 551, 552, 553, 554, 556, 559, 560, 566, 568, 570, 579, 581, 591, 592, 594, 595, 596, 597, 598, 600, 602, 604, 608, 610, 613, 614, 615, 616, 619, 638, 639, 640], "excluded_lines": [], "functions": {"ComputeTask.__post_init__": {"executed_lines": [], "summary": {"covered_lines": 0, "num_statements": 2, "percent_covered": 0.0, "percent_covered_display": "0", "missing_lines": 2, "excluded_lines": 0}, "missing_lines": [28, 29], "excluded_lines": []}, "TaskResult.__post_init__": {"executed_lines": [], "summary": {"covered_lines": 0, "num_statements": 2, "percent_covered": 0.0, "percent_covered_display": "0", "missing_lines": 2, "excluded_lines": 0},
[...]
ercent_covered_display": "0", "missing_lines": 11, "excluded_lines": 0}, "missing_lines": [140, 141, 143, 144, 145, 147, 148, 149, 150, 152, 154], "excluded_lines": []}, "_estimate_convergence_rate": {"executed_lines": [], "summary": {"covered_lines": 0, "num_statements": 14, "percent_covered": 0.0, "percent_covered_display": "0", "missing_lines": 14, "excluded_lines": 0}, "missing_lines": [159, 160, 163, 166, 167, 168, 169, 172, 173, 174, 175, 176, 177, 179], "excluded_lines": []}, "_measure_oscillations": {"executed_lines": [], "summary": {"covered_lines": 0, "num_statements": 6, "percent_covered": 0.0, "percent_covered_display": "0", "missing_lines": 6, "excluded_lines": 0}, "missing_lines": [184, 185, 188, 189, 192, 194], "excluded_lines": []}, "_analyze_trajectory": {"executed_lines": [], "summary": {"covered_lines": 0, "num_statements": 9, "percent_covered": 0.0, "percent_covered_display": "0", "missing_lines": 9, "excluded_lines": 0}, "missing_lines": [199, 200, 202, 205, 206, 209, 212, 215, 217], "excluded_lines": []}, "_validate_gradient_descent_result": {"executed_lines": [], "summary": {"covered_lines": 0, "num_statements": 12, "percent_covered": 0.0, "percent_covered_display": "0", "missing_lines": 12, "excluded_lines": 0}, "missing_lines": [234, 235, 236, 237, 239, 240, 241, 245, 246, 247, 249, 250], "excluded_lines": []}, "_validate_trust_region_result": {"executed_lines": [], "summary": {"covered_lines": 0, "num_statements": 10, "percent_covered": 0.0, "percent_covered_display": "0", "missing_lines": 10, "excluded_lines": 0}, "missing_lines": [261, 262, 263, 264, 266, 267, 271, 272, 274, 275], "excluded_lines": []}, "_validate_multi_start_result": {"executed_lines": [], "summary": {"covered_lines": 0, "num_statements": 19, "percent_covered": 0.0, "percent_covered_display": "0", "missing_lines": 19, "excluded_lines": 0}, "missing_lines": [284, 285, 286, 288, 289, 290, 291, 293, 294, 295, 301, 302, 303, 305, 306, 307, 308, 310, 311], "excluded_lines": []}, "analyze_optimization_efficiency": {"executed_lines": [], "summary": {"covered_lines": 0, "num_statements": 23, "percent_covered": 0.0, "percent_covered_display": "0", "missing_lines": 23, "excluded_lines": 0}, "missing_lines": [326, 332, 333, 335, 336, 339, 340, 342, 343, 345, 346, 349, 350, 352, 353, 355, 356, 358, 359, 360, 361, 363, 365], "excluded_lines": []}, "": {"executed_lines": [], "summary": {"covered_lines": 0, "num_statements": 15, "percent_covered": 0.0, "percent_covered_display": "0", "missing_lines": 15, "excluded_lines": 0}, "missing_lines": [3, 4, 6, 7, 9, 10, 13, 138, 157, 182, 197, 228, 255, 278, 317], "excluded_lines": []}}, "classes": {"": {"executed_lines": [], "summary": {"covered_lines": 0, "num_statements": 171, "percent_covered": 0.0, "percent_covered_display": "0", "missing_lines": 171, "excluded_lines": 0}, "missing_lines": [3, 4, 6, 7, 9, 10, 13, 29, 30, 37, 48, 49, 50, 53, 54, 55, 58, 59, 62, 63, 65, 66, 67, 68, 73, 74, 75, 76, 78, 79, 85, 86, 87, 89, 90, 95, 96, 98, 99, 104, 105, 106, 109, 110, 115, 116, 118, 119, 120, 121, 122, 123, 126, 127, 130, 131, 132, 133, 135, 138, 140, 141, 143, 144, 145, 147, 148, 149, 150, 152, 154, 157, 159, 160, 163, 166, 167, 168, 169, 172, 173, 174, 175, 176, 177, 179, 182, 184, 185, 188, 189, 192, 194, 197, 199, 200, 202, 205, 206, 209, 212, 215, 217, 228, 234, 235, 236, 237, 239, 240, 241, 245, 246, 247, 249, 250, 255, 261, 262, 263, 264, 266, 267, 271, 272, 274, 275, 278, 284, 285, 286, 288, 289, 290, 291, 293, 294, 295, 301, 302, 303, 305, 306, 307, 308, 310, 311, 317, 326, 332, 333, 335, 336, 339, 340, 342, 343, 345, 346, 349, 350, 352, 353, 355, 356, 358, 359, 360, 361, 363, 365], "excluded_lines": []}}}, "surrogate_optim/validation/input_validation.py": {"executed_lines": [], "summary": {"covered_lines": 0, "num_statements": 201, "percent_covered": 0.0, "percent_covered_display": "0", "missing_lines": 201, "excluded_lines": 0}, "missing_lines": [3, 4, 6, 7, 9, 12, 14, 17, 19, 22, 34, 35, 37, 38, 40, 42, 43, 44, 46, 48, 49, 51, 52, 54, 55, 58, 59, 60, 66, 68, 71, 83, 84, 87, 88, 90, 91, 94, 95, 96, 99, 100, 101, 104, 105, 106, 107, 114, 115, 116, 123, 126, 128, 129, 130, 137, 138, 139, 142, 143, 144, 151, 152, 153, 154, 161, 162, 163, 169, 172, 188, 190, 191, 193, 196, 197, 198, 199, 200, 202, 203, 206, 207, 208, 214, 215, 216, 217, 219, 220, 225, 226, 227, 228, 230, 231, 236, 237, 238, 239, 240, 241, 243, 244, 245, 246, 248, 249, 250, 251, 252, 254, 255, 260, 261, 262, 263, 265, 268, 289, 290, 292, 294, 295, 297, 298, 300, 301, 304, 305, 306, 308, 309, 312, 313, 314, 317, 318, 319, 322, 325, 326, 327, 328, 330, 331, 337, 338, 339, 340, 342, 343, 350, 351, 352, 353, 354, 356, 357, 358, 359, 360, 362, 363, 369, 370, 372, 375, 393, 394, 397, 398, 399, 400, 401, 403, 404, 405, 406, 407, 408, 410, 411, 414, 415, 416, 418, 419, 421, 423, 424, 429, 430, 432, 434, 435, 436, 437, 438, 439, 441], "excluded_lines": [], "functions": {"validate_bounds": {"executed_lines": [], "summary": {"covered_lines": 0, "num_statements": 20, "percent_covered": 0.0, "percent_covered_display": "0", "missing_lines": 20, "excluded_lines": 0}, "missing_lines": [34, 35, 37, 38, 40, 42, 43, 44, 46, 48, 49, 51, 52, 54, 55, 58, 59, 60, 66, 68], "excluded_lines": []}, "validate_dataset": {"executed_lines": [], "summary": {"covered_lines": 0, "num_statements": 38, "percent_covered": 0.0, "percent_covered_display": "0", "missing_lines": 38, "excluded_lines": 0}, "missing_lines": [83, 84, 87, 88, 90, 91, 94, 95, 96, 99, 100, 101, 104, 105, 106, 107, 114, 115, 116, 123, 126, 128, 129, 130, 137, 138, 139, 142, 143, 144, 151, 152, 153, 154, 161, 162, 163, 169], "excluded_lines": []}, "validate_surrogate_config": {"executed_lines": [], "summary": {"covered_lines": 0, "num_statements": 48, "percent_covered": 0.0, "percent_covered_display": "0", "missing_lines": 48, "excluded_lines": 0}, "missing_lines": [188, 190, 191, 193, 196, 197, 198, 199, 200, 202, 203, 206, 207, 208, 214, 215, 216, 217, 219, 220, 225, 226, 227, 228, 230, 231, 236, 237, 238, 239, 240, 241, 243, 244, 245, 246, 248, 249, 250, 251, 252, 254, 255, 260, 261, 262, 263, 265], "excluded_lines": []}, "validate_optimization_inputs": {"executed_lines": [], "summary": {"covered_lines": 0, "num_statements": 48, "percent_covered": 0.0, "percent_covered_display": "0", "missing_lines": 48, "excluded_lines": 0}, "missing_lines": [289, 290, 292, 294, 295, 297, 298, 300, 301, 304, 305, 306, 308, 309, 312, 313, 314, 317, 318, 319, 322, 325, 326, 327, 328, 330, 331, 337, 338, 339, 340, 342, 343, 350, 351, 352, 353, 354, 356, 357, 358, 359, 360, 362, 363, 369, 370, 372], "excluded_lines": []}, "validate_function": {"executed_lines": [], "summary": {"covered_lines": 0, "num_statements": 27, "percent_covered": 0.0, "percent_covered_display": "0", "missing_lines": 27, "excluded_lines": 0}, "missing_lines": [393, 394, 397, 398, 399, 400, 401, 403, 404, 405, 406, 407, 408, 410, 411, 414, 415, 416, 418, 419, 421, 423, 424, 429, 430, 432, 441], "excluded_lines": []}, "validate_function.validated_function": {"executed_lines": [], "summary": {"covered_lines": 0, "num_statements": 6, "percent_covered": 0.0, "percent_covered_display": "0", "missing_lines": 6, "excluded_lines": 0}, "missing_lines": [434, 435, 436, 437, 438, 439], "excluded_lines": []}, "": {"executed_lines": [], "summary": {"covered_lines": 0, "num_statements": 14, "percent_covered": 0.0, "percent_covered_display": "0", "missing_lines": 14, "excluded_lines": 0}, "missing_lines": [3, 4, 6, 7, 9, 12, 14, 17, 19, 22, 71, 172, 268, 375], "excluded_lines": []}}, "classes": {"ValidationError": {"executed_lines": [], "summary": {"covered_lines": 0, "num_statements": 0, "percent_covered": 100.0, "percent_covered_display": "100", "missing_lines": 0, "excluded_lines": 0}, "missing_lines": [], "excluded_lines": []}, "ValidationWarning": {"executed_lines": [], "summary": {"covered_lines": 0, "num_statements": 0, "percent_covered": 100.0, "percent_covered_display": "100", "missing_lines": 0, "excluded_lines": 0}, "missing_lines": [], "excluded_lines": []}, "": {"executed_lines": [], "summary": {"covered_lines": 0, "num_statements": 201, "percent_covered": 0.0, "percent_covered_display": "0", "missing_lines": 201, "excluded_lines": 0}, "missing_lines": [3, 4, 6, 7, 9, 12, 14, 17, 19, 22, 34, 35, 37, 38, 40, 42, 43, 44, 46, 48, 49, 51, 52, 54, 55, 58, 59, 60, 66, 68, 71, 83, 84, 87, 88, 90, 91, 94, 95, 96, 99, 100, 101, 104, 105, 106, 107, 114, 115, 116, 123, 126, 128, 129, 130, 137, 138, 139, 142, 143, 144, 151, 152, 153, 154, 161, 162, 163, 169, 172, 188, 190, 191, 193, 196, 197, 198, 199, 200, 202, 203, 206, 207, 208, 214, 215, 216, 217, 219, 220, 225, 226, 227, 228, 230, 231, 236, 237, 238, 239, 240, 241, 243, 244, 245, 246, 248, 249, 250, 251, 252, 254, 255, 260, 261, 262, 263, 265, 268, 289, 290, 292, 294, 295, 297, 298, 300, 301, 304, 305, 306, 308, 309, 312, 313, 314, 317, 318, 319, 322, 325, 326, 327, 328, 330, 331, 337, 338, 339, 340, 342, 343, 350, 351, 352, 353, 354, 356, 357, 358, 359, 360, 362, 363, 369, 370, 372, 375, 393, 394, 397, 398, 399, 400, 401, 403, 404, 405, 406, 407, 408, 410, 411, 414, 415, 416, 418, 419, 421, 423, 424, 429, 430, 432, 434, 435, 436, 437, 438, 439, 441], "excluded_lines": []}}}, "surrogate_optim/validation/model_validation.py": {"executed_lines": [], "summary": {"covered_lines": 0, "num_statements": 147, "percent_covered": 0.0, "percent_covered_display": "0", "missing_lines": 147, "excluded_lines": 0}, "missing_lines": [3, 4, 6, 7, 9, 10, 13, 31, 32, 39, 40, 41, 42, 44, 45, 46, 49, 50, 53, 56, 59, 60, 61, 64, 67, 68, 70, 79, 80, 81, 83, 84, 88, 90, 94, 96, 97, 98, 101, 102, 104, 106, 107, 108, 111, 112, 113, 115, 116, 118, 119, 122, 129, 130, 131, 132, 135, 138, 139, 141, 143, 144, 149, 150, 151, 152, 158, 159, 163, 164, 167, 170, 171, 173, 174, 175, 177, 184, 203, 205, 206, 208, 209, 212, 213, 214, 216, 218, 220, 221, 223, 224, 227, 234, 241, 243, 244, 247, 250, 251, 253, 254, 255, 257, 266, 267, 268, 279, 281, 282, 284, 295, 298, 315, 317, 318, 320, 321, 323, 325, 326, 327, 328, 329, 330, 333, 334, 335, 338, 339, 341, 342, 343, 344, 346, 347, 349, 351, 353, 354, 363, 365, 366, 369, 380, 381, 387], "excluded_lines": [], "functions": {"validate_surrogate_performance": {"executed_lines": [], "summary": {"covered_lines": 0, "num_statements": 70, "percent_covered": 0.0, "percent_covered_display": "0", "missing_lines": 70, "excluded_lines": 0}, "missing_lines": [31, 32, 39, 40, 41, 42, 44, 45, 46, 49, 50, 53, 56, 59, 60, 61, 64, 67, 68, 70, 79, 80, 81, 83, 84, 88, 90, 94, 96, 97, 98, 101, 102, 104, 106, 107, 108, 111, 112, 113, 115, 116, 118, 119, 122, 129, 130, 131, 132, 135, 138, 139, 141, 143, 144, 149, 150, 151, 152, 158, 159, 163, 164, 167, 170, 171, 173, 174, 175, 177], "excluded_lines": []}, "cross_validate_surrogate": {"executed_lines": [], "summary": {"covered_lines": 0, "num_statements": 34, "percent_covered": 0.0, "percent_covered_display": "0", "missing_lines": 34, "excluded_lines": 0}, "missing_lines": [203, 205, 206, 208, 209, 212, 213, 214, 216, 218, 220, 221, 223, 224, 227, 234, 241, 243, 244, 247, 250, 251, 253, 254, 255, 257, 266, 267, 268, 279, 281, 282, 284, 295], "excluded_lines": []}, "validate_model_robustness": {"executed_lines": [], "summary": {"covered_lines": 0, "num_statements": 34, "percent_covered": 0.0, "percent_covered_display": "0", "missing_lines": 34, "excluded_lines": 0}, "missing_lines": [315, 317, 318, 320, 321, 323, 325, 326, 327, 328, 329, 330, 333, 334, 335, 338, 339, 341, 342, 343, 344, 346, 347, 349, 351, 353, 354, 363, 365, 366, 369, 380, 381, 387], "excluded_lines": []}, "": {"executed_lines": [], "summary": {"covered_lines": 0, "num_statements": 9, "percent_covered": 0.0, "percent_covered_display": "0", "missing_lines": 9, "excluded_lines": 0}, "missing_lines": [3, 4, 6, 7, 9, 10, 13, 184, 298], "excluded_lines": []}}, "classes": {"": {"executed_lines": [], "summary": {"covered_lines": 0, "num_statements": 147, "percent_covered": 0.0, "percent_covered_display": "0", "missing_lines": 147, "excluded_lines": 0}, "missing_lines": [3, 4, 6, 7, 9, 10, 13, 31, 32, 39, 40, 41, 42, 44, 45, 46, 49, 50, 53, 56, 59, 60, 61, 64, 67, 68, 70, 79, 80, 81, 83, 84, 88, 90, 94, 96, 97, 98, 101, 102, 104, 106, 107, 108, 111, 112, 113, 115, 116, 118, 119, 122, 129, 130, 131, 132, 135, 138, 139, 141, 143, 144, 149, 150, 151, 152, 158, 159, 163, 164, 167, 170, 171, 173, 174, 175, 177, 184, 203, 205, 206, 208, 209, 212, 213, 214, 216, 218, 220, 221, 223, 224, 227, 234, 241, 243, 244, 247, 250, 251, 253, 254, 255, 257, 266, 267, 268, 279, 281, 282, 284, 295, 298, 315, 317, 318, 320, 321, 323, 325, 326, 327, 328, 329, 330, 333, 334, 335, 338, 339, 341, 342, 343, 344, 346, 347, 349, 351, 353, 354, 363, 365, 366, 369, 380, 381, 387], "excluded_lines": []}}}, "surrogate_optim/visualization/basic_plots.py": {"executed_lines": [], "summary": {"covered_lines": 0, "num_statements": 139, "percent_covered": 0.0, "percent_covered_display": "0", "missing_lines": 139, "excluded_lines": 0}, "missing_lines": [3, 5, 6, 7, 8, 10, 13, 34, 35, 38, 39, 41, 42, 43, 46, 49, 50, 53, 54, 57, 58, 59, 62, 63, 64, 66, 69, 70, 71, 72, 73, 76, 77, 78, 79, 80, 83, 84, 85, 86, 87, 88, 91, 92, 93, 94, 95, 96, 98, 100, 101, 103, 106, 125, 126, 128, 130, 132, 135, 137, 138, 139, 140, 141, 143, 144, 145, 147, 150, 151, 152, 153, 155, 156, 157, 158, 159, 161, 162, 163, 166, 169, 170, 171, 172, 173, 175, 177, 178, 180, 183, 202, 203, 206, 207, 209, 210, 211, 214, 215, 218, 219, 222, 225, 226, 227, 228, 231, 234, 235, 236, 237, 239, 240, 242, 245, 264, 265, 268, 269, 271, 272, 273, 276, 277, 278, 281, 284, 285, 288, 289, 291, 293, 294, 295, 296, 298, 299, 301], "excluded_lines": [], "functions": {"plot_surrogate_comparison": {"executed_lines": [], "summary": {"covered_lines": 0, "num_statements": 45, "percent_covered": 0.0, "percent_covered_display": "0", "missing_lines": 45, "excluded_lines": 0}, "missing_lines": [34, 35, 38, 39, 41, 42, 43, 46, 49, 50, 53, 54, 57, 58, 59, 62, 63, 64, 66, 69, 70, 71, 72, 73, 76, 77, 78, 79, 80, 83, 84, 85, 86, 87, 88, 91, 92, 93, 94, 95, 96, 98, 100, 101, 103], "excluded_lines": []}, "plot_optimization_trajectory": {"executed_lines": [], "summary": {"covered_lines": 0, "num_statements": 37, "percent_covered": 0.0, "percent_covered_display": "0", "missing_lines": 37, "excluded_lines": 0}, "missing_lines": [125, 126, 128, 130, 132, 135, 137, 138, 139, 140, 141, 143, 144, 145, 147, 150, 151, 152, 153, 155, 156, 157, 158, 159, 161, 162, 163, 166, 169, 170, 171, 172, 173, 175, 177, 178, 180], "excluded_lines": []}, "plot_gradient_field": {"executed_lines": [], "summary": {"covered_lines": 0, "num_statements": 24, "percent_covered": 0.0, "percent_covered_display": "0", "missing_lines": 24, "excluded_lines": 0}, "missing_lines": [202, 203, 206, 207, 209, 210, 211, 214, 215, 218, 219, 222, 225, 226, 227, 228, 231, 234, 235, 236, 237, 239, 240, 242], "excluded_lines": []}, "plot_uncertainty_map": {"executed_lines": [], "summary": {"covered_lines": 0, "num_statements": 23, "percent_covered": 0.0, "percent_covered_display": "0", "missing_lines": 23, "excluded_lines": 0}, "missing_lines": [264, 265, 268, 269, 271, 272, 273, 276, 277, 278, 281, 284, 285, 288, 289, 291, 293, 294, 295, 296, 298, 299, 301], "excluded_lines": []}, "": {"executed_lines": [], "summary": {"covered_lines": 0, "num_statements": 10, "percent_covered": 0.0, "percent_covered_display": "0", "missing_lines": 10, "excluded_lines": 0}, "missing_lines": [3, 5, 6, 7, 8, 10, 13, 106, 183, 245], "excluded_lines": []}}, "classes": {"": {"executed_lines": [], "summary": {"covered_lines": 0, "num_statements": 139, "percent_covered": 0.0, "percent_covered_display": "0", "missing_lines": 139, "excluded_lines": 0}, "missing_lines": [3, 5, 6, 7, 8, 10, 13, 34, 35, 38, 39, 41, 42, 43, 46, 49, 50, 53, 54, 57, 58, 59, 62, 63, 64, 66, 69, 70, 71, 72, 73, 76, 77, 78, 79, 80, 83, 84, 85, 86, 87, 88, 91, 92, 93, 94, 95, 96, 98, 100, 101, 103, 106, 125, 126, 128, 130, 132, 135, 137, 138, 139, 140, 141, 143, 144, 145, 147, 150, 151, 152, 153, 155, 156, 157, 158, 159, 161, 162, 163, 166, 169, 170, 171, 172, 173, 175, 177, 178, 180, 183, 202, 203, 206, 207, 209, 210, 211, 214, 215, 218, 219, 222, 225, 226, 227, 228, 231, 234, 235, 236, 237, 239, 240, 242, 245, 264, 265, 268, 269, 271, 272, 273, 276, 277, 278, 281, 284, 285, 288, 289, 291, 293, 294, 295, 296, 298, 299, 301], "excluded_lines": []}}}, "surrogate_optim/visualization/interactive.py": {"executed_lines": [], "summary": {"covered_lines": 0, "num_statements": 134, "percent_covered": 0.0, "percent_covered_display": "0", "missing_lines": 134, "excluded_lines": 0}, "missing_lines": [3, 5, 6, 7, 8, 9, 10, 11, 13, 14, 16, 19, 38, 39, 40, 42, 43, 44, 47, 48, 49, 51, 52, 53, 55, 58, 59, 61, 62, 65, 66, 67, 68, 70, 77, 80, 81, 82, 84, 88, 91, 95, 98, 102, 105, 106, 107, 110, 111, 112, 113, 114, 117, 123, 124, 125, 126, 127, 128, 130, 142, 143, 144, 145, 147, 161, 167, 168, 169, 171, 174, 193, 194, 195, 197, 198, 199, 202, 203, 204, 206, 207, 208, 210, 213, 214, 216, 217, 219, 220, 223, 230, 236, 242, 248, 249, 251, 252, 266, 272, 273, 274, 276, 279, 298, 299, 300, 302, 303, 304, 307, 310, 313, 314, 315, 316, 318, 319, 320, 322, 323, 324, 326, 336, 349, 350, 351, 365, 367, 370, 388, 389, 390, 392], "excluded_lines": [], "functions": {"create_interactive_dashboard": {"executed_lines": [], "summary": {"covered_lines": 0, "num_statements": 58, "percent_covered": 0.0, "percent_covered_display": "0", "missing_lines": 58, "excluded_lines": 0}, "missing_lines": [38, 39, 40, 42, 43, 44, 47, 48, 49, 51, 52, 53, 55, 58, 59, 61, 62, 65, 66, 67, 68, 70, 77, 80, 81, 82, 84, 88, 91, 95, 98, 102, 105, 106, 107, 110, 111, 112, 113, 114, 117, 123, 124, 125, 126, 127, 128, 130, 142, 143, 144, 145, 147, 161, 167, 168, 169, 171], "excluded_lines": []}, "plot_interactive_comparison": {"executed_lines": [], "summary": {"covered_lines": 0, "num_statements": 32, "percent_covered": 0.0, "percent_covered_display": "0", "missing_lines": 32, "excluded_lines": 0}, "missing_lines": [193, 194, 195, 197, 198, 199, 202, 203, 204, 206, 207, 208, 210, 213, 214, 216, 217, 219, 220, 223, 230, 236, 242, 248, 249, 251, 252, 266, 272, 273, 274, 276], "excluded_lines": []}, "plot_optimization_animation": {"executed_lines": [], "summary": {"covered_lines": 0, "num_statements": 30, "percent_covered": 0.0, "percent_covered_display": "0", "missing_lines": 30, "excluded_lines": 0}, "missing_lines": [298, 299, 300, 302, 303, 304, 307, 310, 313, 314, 315, 316, 318, 319, 320, 322, 323, 324, 326, 336, 349, 350, 351, 365, 367, 370, 388, 389, 390, 392], "excluded_lines": []}, "": {"executed_lines": [], "summary": {"covered_lines": 0, "num_statements": 14, "percent_covered": 0.0, "percent_covered_display": "0", "missing_lines": 14, "excluded_lines": 0}, "missing_lines": [3, 5, 6, 7, 8, 9, 10, 11, 13, 14, 16, 19, 174, 279], "excluded_lines": []}}, "classes": {"": {"executed_lines": [], "summary": {"covered_lines": 0, "num_statements": 134, "percent_covered": 0.0, "percent_covered_display": "0", "missing_lines": 134, "excluded_lines": 0}, "missing_lines": [3, 5, 6, 7, 8, 9, 10, 11, 13, 14, 16, 19, 38, 39, 40, 42, 43, 44, 47, 48, 49, 51, 52, 53, 55, 58, 59, 61, 62, 65, 66, 67, 68, 70, 77, 80, 81, 82, 84, 88, 91, 95, 98, 102, 105, 106, 107, 110, 111, 112, 113, 114, 117, 123, 124, 125, 126, 127, 128, 130, 142, 143, 144, 145, 147, 161, 167, 168, 169, 171, 174, 193, 194, 195, 197, 198, 199, 202, 203, 204, 206, 207, 208, 210, 213, 214, 216, 217, 219, 220, 223, 230, 236, 242, 248, 249, 251, 252, 266, 272, 273, 274, 276, 279, 298, 299, 300, 302, 303, 304, 307, 310, 313, 314, 315, 316, 318, 319, 320, 322, 323, 324, 326, 336, 349, 350, 351, 365, 367, 370, 388, 389, 390, 392], "excluded_lines": []}}}}, "totals": {"covered_lines": 0, "num_statements": 20149, "percent_covered": 0.0, "percent_covered_display": "0", "missing_lines": 20149, "excluded_lines": 265}}